This file contains any messages produced by compilers while
running configure, to aid debugging if configure makes a mistake.

It was created by glog configure 0.3.1, which was
generated by GNU Autoconf 2.61.  Invocation command line was

  $ ./configure 

## --------- ##
## Platform. ##
## --------- ##

hostname = Macintosh-69.local
uname -m = i386
uname -r = 10.8.0
uname -s = Darwin
uname -v = Darwin Kernel Version 10.8.0: Tue Jun  7 16:33:36 PDT 2011; root:xnu-1504.15.3~1/RELEASE_I386

/usr/bin/uname -p = i386
/bin/uname -X     = unknown

/bin/arch              = unknown
/usr/bin/arch -k       = unknown
/usr/convex/getsysinfo = unknown
/usr/bin/hostinfo      = Mach kernel version:
	 Darwin Kernel Version 10.8.0: Tue Jun  7 16:33:36 PDT 2011; root:xnu-1504.15.3~1/RELEASE_I386
Kernel configured for up to 2 processors.
2 processors are physically available.
2 processors are logically available.
Processor type: i486 (Intel 80486)
Processors active: 0 1
Primary memory available: 4.00 gigabytes
Default processor set: 65 tasks, 303 threads, 2 processors
Load average: 0.78, Mach factor: 1.44
/bin/machine           = unknown
/usr/bin/oslevel       = unknown
/bin/universe          = unknown

PATH: /sw/bin
PATH: /sw/sbin
PATH: /opt/local/bin
PATH: /opt/local/sbin
PATH: /bin
PATH: /sbin
PATH: /usr/local/bin
PATH: /usr/sbin
PATH: /usr/texbin
PATH: /usr/bin
PATH: /usr/X11R6/bin
PATH: /usr/bin
PATH: /bin
PATH: /usr/sbin
PATH: /sbin
PATH: /usr/texbin


## ----------- ##
## Core tests. ##
## ----------- ##

configure:2028: checking for a BSD-compatible install
configure:2084: result: /usr/bin/install -c
configure:2095: checking whether build environment is sane
configure:2138: result: yes
configure:2166: checking for a thread-safe mkdir -p
configure:2205: result: ./install-sh -c -d
configure:2218: checking for gawk
configure:2248: result: no
configure:2218: checking for mawk
configure:2248: result: no
configure:2218: checking for nawk
configure:2248: result: no
configure:2218: checking for awk
configure:2234: found /usr/bin/awk
configure:2245: result: awk
configure:2256: checking whether make sets $(MAKE)
configure:2277: result: yes
configure:2524: checking for gcc
configure:2540: found /usr/bin/gcc
configure:2551: result: gcc
configure:2789: checking for C compiler version
configure:2796: gcc --version >&5
i686-apple-darwin10-gcc-4.2.1 (GCC) 4.2.1 (Apple Inc. build 5666) (dot 3)
Copyright (C) 2007 Free Software Foundation, Inc.
This is free software; see the source for copying conditions.  There is NO
warranty; not even for MERCHANTABILITY or FITNESS FOR A PARTICULAR PURPOSE.

configure:2799: $? = 0
configure:2806: gcc -v >&5
Using built-in specs.
Target: i686-apple-darwin10
Configured with: /var/tmp/gcc/gcc-5666.3~6/src/configure --disable-checking --enable-werror --prefix=/usr --mandir=/share/man --enable-languages=c,objc,c++,obj-c++ --program-transform-name=/^[cg][^.-]*$/s/$/-4.2/ --with-slibdir=/usr/lib --build=i686-apple-darwin10 --program-prefix=i686-apple-darwin10- --host=x86_64-apple-darwin10 --target=i686-apple-darwin10 --with-gxx-include-dir=/include/c++/4.2.1
Thread model: posix
gcc version 4.2.1 (Apple Inc. build 5666) (dot 3)
configure:2809: $? = 0
configure:2816: gcc -V >&5
gcc-4.2: argument to `-V' is missing
configure:2819: $? = 1
configure:2842: checking for C compiler default output file name
configure:2869: gcc    conftest.c  >&5
configure:2872: $? = 0
configure:2910: result: a.out
configure:2927: checking whether the C compiler works
configure:2937: ./a.out
configure:2940: $? = 0
configure:2957: result: yes
configure:2964: checking whether we are cross compiling
configure:2966: result: no
configure:2969: checking for suffix of executables
configure:2976: gcc -o conftest    conftest.c  >&5
configure:2979: $? = 0
configure:3003: result: 
configure:3009: checking for suffix of object files
configure:3035: gcc -c   conftest.c >&5
configure:3038: $? = 0
configure:3061: result: o
configure:3065: checking whether we are using the GNU C compiler
configure:3094: gcc -c   conftest.c >&5
configure:3100: $? = 0
configure:3117: result: yes
configure:3122: checking whether gcc accepts -g
configure:3152: gcc -c -g  conftest.c >&5
configure:3158: $? = 0
configure:3257: result: yes
configure:3274: checking for gcc option to accept ISO C89
configure:3348: gcc  -c -g -O2  conftest.c >&5
configure:3354: $? = 0
configure:3377: result: none needed
configure:3406: checking for style of include used by make
configure:3434: result: GNU
configure:3459: checking dependency style of gcc
configure:3550: result: gcc3
configure:3570: checking how to run the C preprocessor
configure:3610: gcc -E  conftest.c
configure:3616: $? = 0
configure:3647: gcc -E  conftest.c
conftest.c:10:28: error: ac_nonexistent.h: No such file or directory
configure:3653: $? = 1
configure: failed program was:
| /* confdefs.h.  */
| #define PACKAGE_NAME "glog"
| #define PACKAGE_TARNAME "glog"
| #define PACKAGE_VERSION "0.3.1"
| #define PACKAGE_STRING "glog 0.3.1"
| #define PACKAGE_BUGREPORT "opensource@google.com"
| #define PACKAGE "glog"
| #define VERSION "0.3.1"
| /* end confdefs.h.  */
| #include <ac_nonexistent.h>
configure:3686: result: gcc -E
configure:3715: gcc -E  conftest.c
configure:3721: $? = 0
configure:3752: gcc -E  conftest.c
conftest.c:10:28: error: ac_nonexistent.h: No such file or directory
configure:3758: $? = 1
configure: failed program was:
| /* confdefs.h.  */
| #define PACKAGE_NAME "glog"
| #define PACKAGE_TARNAME "glog"
| #define PACKAGE_VERSION "0.3.1"
| #define PACKAGE_STRING "glog 0.3.1"
| #define PACKAGE_BUGREPORT "opensource@google.com"
| #define PACKAGE "glog"
| #define VERSION "0.3.1"
| /* end confdefs.h.  */
| #include <ac_nonexistent.h>
configure:3853: checking for g++
configure:3869: found /usr/bin/g++
configure:3880: result: g++
configure:3911: checking for C++ compiler version
configure:3918: g++ --version >&5
i686-apple-darwin10-g++-4.2.1 (GCC) 4.2.1 (Apple Inc. build 5666) (dot 3)
Copyright (C) 2007 Free Software Foundation, Inc.
This is free software; see the source for copying conditions.  There is NO
warranty; not even for MERCHANTABILITY or FITNESS FOR A PARTICULAR PURPOSE.

configure:3921: $? = 0
configure:3928: g++ -v >&5
Using built-in specs.
Target: i686-apple-darwin10
Configured with: /var/tmp/gcc/gcc-5666.3~6/src/configure --disable-checking --enable-werror --prefix=/usr --mandir=/share/man --enable-languages=c,objc,c++,obj-c++ --program-transform-name=/^[cg][^.-]*$/s/$/-4.2/ --with-slibdir=/usr/lib --build=i686-apple-darwin10 --program-prefix=i686-apple-darwin10- --host=x86_64-apple-darwin10 --target=i686-apple-darwin10 --with-gxx-include-dir=/include/c++/4.2.1
Thread model: posix
gcc version 4.2.1 (Apple Inc. build 5666) (dot 3)
configure:3931: $? = 0
configure:3938: g++ -V >&5
g++-4.2: argument to `-V' is missing
configure:3941: $? = 1
configure:3944: checking whether we are using the GNU C++ compiler
configure:3973: g++ -c   conftest.cpp >&5
configure:3979: $? = 0
configure:3996: result: yes
configure:4001: checking whether g++ accepts -g
configure:4031: g++ -c -g  conftest.cpp >&5
configure:4037: $? = 0
configure:4136: result: yes
configure:4161: checking dependency style of g++
configure:4252: result: gcc3
configure:4354: checking build system type
configure:4372: result: i386-apple-darwin10.8.0
configure:4394: checking host system type
configure:4409: result: i386-apple-darwin10.8.0
configure:4431: checking for a sed that does not truncate output
configure:4487: result: /usr/bin/sed
configure:4490: checking for grep that handles long lines and -e
configure:4564: result: /usr/bin/grep
configure:4569: checking for egrep
configure:4647: result: /usr/bin/grep -E
configure:4663: checking for ld used by gcc
configure:4730: result: /usr/libexec/gcc/i686-apple-darwin10/4.2.1/ld
configure:4739: checking if the linker (/usr/libexec/gcc/i686-apple-darwin10/4.2.1/ld) is GNU ld
configure:4754: result: no
configure:4759: checking for /usr/libexec/gcc/i686-apple-darwin10/4.2.1/ld option to reload object files
configure:4766: result: -r
configure:4784: checking for BSD-compatible nm
configure:4833: result: /usr/bin/nm
configure:4837: checking whether ln -s works
configure:4841: result: yes
configure:4848: checking how to recognize dependent libraries
configure:5034: result: pass_all
configure:5276: checking for ANSI C header files
configure:5306: g++ -c -g -O2  conftest.cpp >&5
configure:5312: $? = 0
./configure: line 5338: conftest.cpp: command not found
configure:5440: result: no
configure:5464: checking for sys/types.h
configure:5485: g++ -c -g -O2  conftest.cpp >&5
configure:5491: $? = 0
configure:5507: result: yes
configure:5464: checking for sys/stat.h
configure:5485: g++ -c -g -O2  conftest.cpp >&5
configure:5491: $? = 0
configure:5507: result: yes
configure:5464: checking for stdlib.h
configure:5485: g++ -c -g -O2  conftest.cpp >&5
configure:5491: $? = 0
configure:5507: result: yes
configure:5464: checking for string.h
configure:5485: g++ -c -g -O2  conftest.cpp >&5
configure:5491: $? = 0
configure:5507: result: yes
configure:5464: checking for memory.h
configure:5485: g++ -c -g -O2  conftest.cpp >&5
configure:5491: $? = 0
configure:5507: result: yes
configure:5464: checking for strings.h
configure:5485: g++ -c -g -O2  conftest.cpp >&5
configure:5491: $? = 0
configure:5507: result: yes
configure:5464: checking for inttypes.h
configure:5485: g++ -c -g -O2  conftest.cpp >&5
configure:5491: $? = 0
configure:5507: result: yes
configure:5464: checking for stdint.h
configure:5485: g++ -c -g -O2  conftest.cpp >&5
configure:5491: $? = 0
configure:5507: result: yes
configure:5464: checking for unistd.h
configure:5485: g++ -c -g -O2  conftest.cpp >&5
configure:5491: $? = 0
configure:5507: result: yes
configure:5534: checking dlfcn.h usability
configure:5551: g++ -c -g -O2  conftest.cpp >&5
configure:5557: $? = 0
configure:5571: result: yes
configure:5575: checking dlfcn.h presence
configure:5590:   conftest.cpp
./configure: line 5591: conftest.cpp: command not found
configure:5596: $? = 127
configure: failed program was:
| /* confdefs.h.  */
| #define PACKAGE_NAME "glog"
| #define PACKAGE_TARNAME "glog"
| #define PACKAGE_VERSION "0.3.1"
| #define PACKAGE_STRING "glog 0.3.1"
| #define PACKAGE_BUGREPORT "opensource@google.com"
| #define PACKAGE "glog"
| #define VERSION "0.3.1"
| #define HAVE_SYS_TYPES_H 1
| #define HAVE_SYS_STAT_H 1
| #define HAVE_STDLIB_H 1
| #define HAVE_STRING_H 1
| #define HAVE_MEMORY_H 1
| #define HAVE_STRINGS_H 1
| #define HAVE_INTTYPES_H 1
| #define HAVE_STDINT_H 1
| #define HAVE_UNISTD_H 1
| /* end confdefs.h.  */
| #include <dlfcn.h>
configure:5610: result: no
configure:5616: WARNING: dlfcn.h: accepted by the compiler, rejected by the preprocessor!
configure:5618: WARNING: dlfcn.h: proceeding with the compiler's result
configure:5643: checking for dlfcn.h
configure:5651: result: yes
configure:5674: checking how to run the C++ preprocessor
configure:5710: g++ -E  conftest.cpp
configure:5716: $? = 0
configure:5747: g++ -E  conftest.cpp
conftest.cpp:20:28: error: ac_nonexistent.h: No such file or directory
configure:5753: $? = 1
configure: failed program was:
| /* confdefs.h.  */
| #define PACKAGE_NAME "glog"
| #define PACKAGE_TARNAME "glog"
| #define PACKAGE_VERSION "0.3.1"
| #define PACKAGE_STRING "glog 0.3.1"
| #define PACKAGE_BUGREPORT "opensource@google.com"
| #define PACKAGE "glog"
| #define VERSION "0.3.1"
| #define HAVE_SYS_TYPES_H 1
| #define HAVE_SYS_STAT_H 1
| #define HAVE_STDLIB_H 1
| #define HAVE_STRING_H 1
| #define HAVE_MEMORY_H 1
| #define HAVE_STRINGS_H 1
| #define HAVE_INTTYPES_H 1
| #define HAVE_STDINT_H 1
| #define HAVE_UNISTD_H 1
| #define HAVE_DLFCN_H 1
| /* end confdefs.h.  */
| #include <ac_nonexistent.h>
configure:5786: result: g++ -E
configure:5815: g++ -E  conftest.cpp
configure:5821: $? = 0
configure:5852: g++ -E  conftest.cpp
conftest.cpp:20:28: error: ac_nonexistent.h: No such file or directory
configure:5858: $? = 1
configure: failed program was:
| /* confdefs.h.  */
| #define PACKAGE_NAME "glog"
| #define PACKAGE_TARNAME "glog"
| #define PACKAGE_VERSION "0.3.1"
| #define PACKAGE_STRING "glog 0.3.1"
| #define PACKAGE_BUGREPORT "opensource@google.com"
| #define PACKAGE "glog"
| #define VERSION "0.3.1"
| #define HAVE_SYS_TYPES_H 1
| #define HAVE_SYS_STAT_H 1
| #define HAVE_STDLIB_H 1
| #define HAVE_STRING_H 1
| #define HAVE_MEMORY_H 1
| #define HAVE_STRINGS_H 1
| #define HAVE_INTTYPES_H 1
| #define HAVE_STDINT_H 1
| #define HAVE_UNISTD_H 1
| #define HAVE_DLFCN_H 1
| /* end confdefs.h.  */
| #include <ac_nonexistent.h>
configure:5950: checking for g77
configure:5980: result: no
configure:5950: checking for xlf
configure:5980: result: no
configure:5950: checking for f77
configure:5980: result: no
configure:5950: checking for frt
configure:5980: result: no
configure:5950: checking for pgf77
configure:5980: result: no
configure:5950: checking for cf77
configure:5980: result: no
configure:5950: checking for fort77
configure:5980: result: no
configure:5950: checking for fl32
configure:5980: result: no
configure:5950: checking for af77
configure:5980: result: no
configure:5950: checking for xlf90
configure:5980: result: no
configure:5950: checking for f90
configure:5980: result: no
configure:5950: checking for pgf90
configure:5980: result: no
configure:5950: checking for pghpf
configure:5980: result: no
configure:5950: checking for epcf90
configure:5980: result: no
configure:5950: checking for gfortran
configure:5966: found /usr/local/bin/gfortran
configure:5977: result: gfortran
configure:6007: checking for Fortran 77 compiler version
configure:6014: gfortran --version >&5
GNU Fortran (GCC) 4.5.0 20090604 (experimental) [trunk revision 148180]
Copyright (C) 2009 Free Software Foundation, Inc.

GNU Fortran comes with NO WARRANTY, to the extent permitted by law.
You may redistribute copies of GNU Fortran
under the terms of the GNU General Public License.
For more information about these matters, see the file named COPYING

configure:6017: $? = 0
configure:6024: gfortran -v >&5
Using built-in specs.
Target: i386-apple-darwin8.10.1
Configured with: /tmp/gfortran-20090604/ibin/../gcc/configure --prefix=/usr/local/gfortran --enable-languages=c,fortran --with-gmp=/tmp/gfortran-20090604/gfortran_libs --enable-bootstrap
Thread model: posix
gcc version 4.5.0 20090604 (experimental) [trunk revision 148180] (GCC) 
configure:6027: $? = 0
configure:6034: gfortran -V >&5
gfortran: '-V' option must have argument
configure:6037: $? = 1
configure:6045: checking whether we are using the GNU Fortran 77 compiler
configure:6064: gfortran -c  conftest.F >&5
configure:6070: $? = 0
configure:6087: result: yes
configure:6093: checking whether gfortran accepts -g
configure:6110: gfortran -c -g conftest.f >&5
configure:6116: $? = 0
configure:6132: result: yes
configure:6161: checking the maximum length of command line arguments
configure:6273: result: 196608
configure:6285: checking command to parse /usr/bin/nm output from gcc object
configure:6390: g++ -c -g -O2  conftest.cpp >&5
configure:6393: $? = 0
configure:6397: /usr/bin/nm conftest.o \| sed -n -e 's/^.*[ 	]\([BCDEGRST][BCDEGRST]*\)[ 	][ 	]*\([_A-Za-z][_A-Za-z0-9]*\)$/\1 \2 \2/p' \> conftest.nm
configure:6400: $? = 0
cannot find nm_test_var in conftest.nm
configure:6390: g++ -c -g -O2  conftest.cpp >&5
configure:6393: $? = 0
configure:6397: /usr/bin/nm conftest.o \| sed -n -e 's/^.*[ 	]\([BCDEGRST][BCDEGRST]*\)[ 	][ 	]*_\([_A-Za-z][_A-Za-z0-9]*\)$/\1 _\2 \2/p' \> conftest.nm
configure:6400: $? = 0
configure:6452: g++ -o conftest -g -O2   conftest.cpp conftstm.o >&5
configure:6455: $? = 0
configure:6493: result: ok
configure:6497: checking for objdir
configure:6512: result: .libs
configure:6604: checking for ar
configure:6620: found /usr/bin/ar
configure:6631: result: ar
configure:6700: checking for ranlib
configure:6716: found /usr/bin/ranlib
configure:6727: result: ranlib
configure:6796: checking for strip
configure:6812: found /usr/bin/strip
configure:6823: result: strip
configure:7080: checking for dsymutil
configure:7096: found /usr/bin/dsymutil
configure:7107: result: dsymutil
configure:7176: checking for nmedit
configure:7192: found /usr/bin/nmedit
configure:7203: result: nmedit
configure:7230: checking for -single_module linker flag
configure:7251: result: yes
configure:7253: checking for -exported_symbols_list linker flag
configure:7283: g++ -o conftest -g -O2   -Wl,-exported_symbols_list,conftest.sym conftest.cpp  >&5
configure:7289: $? = 0
configure:7308: result: yes
configure:7421: checking if gcc supports -fno-rtti -fno-exceptions
configure:7439: gcc -c -g -O2  -fno-rtti -fno-exceptions conftest.c >&5
cc1: warning: command line option "-fno-rtti" is valid for C++/ObjC++ but not for C
configure:7443: $? = 0
configure:7456: result: no
configure:7471: checking for gcc option to produce PIC
configure:7703: result: -fno-common
configure:7711: checking if gcc PIC flag -fno-common works
configure:7729: gcc -c -g -O2  -fno-common -DPIC conftest.c >&5
configure:7733: $? = 0
configure:7746: result: yes
configure:7774: checking if gcc static flag -static works
configure:7802: result: no
configure:7812: checking if gcc supports -c -o file.o
configure:7833: gcc -c -g -O2  -o out/conftest2.o conftest.c >&5
configure:7837: $? = 0
configure:7859: result: yes
configure:7885: checking whether the gcc linker (/usr/libexec/gcc/i686-apple-darwin10/4.2.1/ld) supports shared libraries
configure:8866: result: yes
configure:8933: checking dynamic linker characteristics
configure:9547: result: darwin10.8.0 dyld
configure:9571: checking how to hardcode library paths into programs
configure:9596: result: immediate
configure:9610: checking whether stripping libraries is possible
configure:9624: result: yes
configure:10417: checking if libtool supports shared libraries
configure:10419: result: yes
configure:10422: checking whether to build shared libraries
configure:10443: result: yes
configure:10446: checking whether to build static libraries
configure:10450: result: yes
configure:10544: creating libtool
configure:11137: checking for ld used by g++
configure:11204: result: /usr/libexec/gcc/i686-apple-darwin10/4.2.1/ld
configure:11213: checking if the linker (/usr/libexec/gcc/i686-apple-darwin10/4.2.1/ld) is GNU ld
configure:11228: result: no
configure:11279: checking whether the g++ linker (/usr/libexec/gcc/i686-apple-darwin10/4.2.1/ld) supports shared libraries
configure:12225: result: yes
configure:12242: g++ -c -g -O2  conftest.cpp >&5
configure:12245: $? = 0
configure:12401: checking for g++ option to produce PIC
configure:12685: result: -fno-common
configure:12693: checking if g++ PIC flag -fno-common works
configure:12711: g++ -c -g -O2  -fno-common -DPIC conftest.cpp >&5
configure:12715: $? = 0
configure:12728: result: yes
configure:12756: checking if g++ static flag -static works
configure:12784: result: no
configure:12794: checking if g++ supports -c -o file.o
configure:12815: g++ -c -g -O2  -o out/conftest2.o conftest.cpp >&5
configure:12819: $? = 0
configure:12841: result: yes
configure:12867: checking whether the g++ linker (/usr/libexec/gcc/i686-apple-darwin10/4.2.1/ld) supports shared libraries
configure:12896: result: yes
configure:12963: checking dynamic linker characteristics
configure:13525: result: darwin10.8.0 dyld
configure:13549: checking how to hardcode library paths into programs
configure:13574: result: immediate
configure:14113: checking if libtool supports shared libraries
configure:14115: result: yes
configure:14118: checking whether to build shared libraries
configure:14138: result: yes
configure:14141: checking whether to build static libraries
configure:14145: result: yes
configure:14155: checking for gfortran option to produce PIC
configure:14387: result: -fno-common
configure:14395: checking if gfortran PIC flag -fno-common works
configure:14413: gfortran -c -g -O2 -fno-common conftest.f >&5
configure:14417: $? = 0
configure:14430: result: yes
configure:14458: checking if gfortran static flag -static works
configure:14486: result: no
configure:14496: checking if gfortran supports -c -o file.o
configure:14517: gfortran -c -g -O2 -o out/conftest2.o conftest.f >&5
configure:14521: $? = 0
configure:14543: result: yes
configure:14569: checking whether the gfortran linker (/usr/libexec/gcc/i686-apple-darwin10/4.2.1/ld) supports shared libraries
configure:15530: result: yes
configure:15597: checking dynamic linker characteristics
configure:16159: result: darwin10.8.0 dyld
configure:16183: checking how to hardcode library paths into programs
configure:16208: result: immediate
configure:19825: checking for ANSI C header files
configure:19989: result: no
configure:20002: checking for stdint.h
configure:20007: result: yes
configure:20139: checking for sys/types.h
configure:20144: result: yes
configure:20276: checking for inttypes.h
configure:20281: result: yes
configure:20417: checking for unistd.h
configure:20423: result: yes
configure:20574: checking syscall.h usability
configure:20591: g++ -c -g -O2  conftest.cpp >&5
conftest.cpp:54:21: error: syscall.h: No such file or directory
configure:20597: $? = 1
configure: failed program was:
| /* confdefs.h.  */
| #define PACKAGE_NAME "glog"
| #define PACKAGE_TARNAME "glog"
| #define PACKAGE_VERSION "0.3.1"
| #define PACKAGE_STRING "glog 0.3.1"
| #define PACKAGE_BUGREPORT "opensource@google.com"
| #define PACKAGE "glog"
| #define VERSION "0.3.1"
| #define HAVE_SYS_TYPES_H 1
| #define HAVE_SYS_STAT_H 1
| #define HAVE_STDLIB_H 1
| #define HAVE_STRING_H 1
| #define HAVE_MEMORY_H 1
| #define HAVE_STRINGS_H 1
| #define HAVE_INTTYPES_H 1
| #define HAVE_STDINT_H 1
| #define HAVE_UNISTD_H 1
| #define HAVE_DLFCN_H 1
| #define HAVE_UNISTD_H 1
| /* end confdefs.h.  */
| #include <stdio.h>
| #ifdef HAVE_SYS_TYPES_H
| # include <sys/types.h>
| #endif
| #ifdef HAVE_SYS_STAT_H
| # include <sys/stat.h>
| #endif
| #ifdef STDC_HEADERS
| # include <stdlib.h>
| # include <stddef.h>
| #else
| # ifdef HAVE_STDLIB_H
| #  include <stdlib.h>
| # endif
| #endif
| #ifdef HAVE_STRING_H
| # if !defined STDC_HEADERS && defined HAVE_MEMORY_H
| #  include <memory.h>
| # endif
| # include <string.h>
| #endif
| #ifdef HAVE_STRINGS_H
| # include <strings.h>
| #endif
| #ifdef HAVE_INTTYPES_H
| # include <inttypes.h>
| #endif
| #ifdef HAVE_STDINT_H
| # include <stdint.h>
| #endif
| #ifdef HAVE_UNISTD_H
| # include <unistd.h>
| #endif
| #include <syscall.h>
configure:20611: result: no
configure:20615: checking syscall.h presence
configure:20630: g++ -E  conftest.cpp
conftest.cpp:21:21: error: syscall.h: No such file or directory
configure:20636: $? = 1
configure: failed program was:
| /* confdefs.h.  */
| #define PACKAGE_NAME "glog"
| #define PACKAGE_TARNAME "glog"
| #define PACKAGE_VERSION "0.3.1"
| #define PACKAGE_STRING "glog 0.3.1"
| #define PACKAGE_BUGREPORT "opensource@google.com"
| #define PACKAGE "glog"
| #define VERSION "0.3.1"
| #define HAVE_SYS_TYPES_H 1
| #define HAVE_SYS_STAT_H 1
| #define HAVE_STDLIB_H 1
| #define HAVE_STRING_H 1
| #define HAVE_MEMORY_H 1
| #define HAVE_STRINGS_H 1
| #define HAVE_INTTYPES_H 1
| #define HAVE_STDINT_H 1
| #define HAVE_UNISTD_H 1
| #define HAVE_DLFCN_H 1
| #define HAVE_UNISTD_H 1
| /* end confdefs.h.  */
| #include <syscall.h>
configure:20650: result: no
configure:20683: checking for syscall.h
configure:20691: result: no
configure:20719: checking sys/syscall.h usability
configure:20736: g++ -c -g -O2  conftest.cpp >&5
configure:20742: $? = 0
configure:20756: result: yes
configure:20760: checking sys/syscall.h presence
configure:20775: g++ -E  conftest.cpp
configure:20781: $? = 0
configure:20795: result: yes
configure:20828: checking for sys/syscall.h
configure:20836: result: yes
configure:20865: checking execinfo.h usability
configure:20882: g++ -c -g -O2  conftest.cpp >&5
configure:20888: $? = 0
configure:20902: result: yes
configure:20906: checking execinfo.h presence
configure:20921: g++ -E  conftest.cpp
configure:20927: $? = 0
configure:20941: result: yes
configure:20974: checking for execinfo.h
configure:20982: result: yes
configure:21011: checking libunwind.h usability
configure:21028: g++ -c -g -O2  conftest.cpp >&5
configure:21034: $? = 0
configure:21048: result: yes
configure:21052: checking libunwind.h presence
configure:21067: g++ -E  conftest.cpp
configure:21073: $? = 0
configure:21087: result: yes
configure:21120: checking for libunwind.h
configure:21128: result: yes
configure:21158: checking ucontext.h usability
configure:21175: g++ -c -g -O2  conftest.cpp >&5
In file included from conftest.cpp:57:
/usr/include/ucontext.h:42:2: error: #error ucontext routines are deprecated, and require _XOPEN_SOURCE to be defined
configure:21181: $? = 1
configure: failed program was:
| /* confdefs.h.  */
| #define PACKAGE_NAME "glog"
| #define PACKAGE_TARNAME "glog"
| #define PACKAGE_VERSION "0.3.1"
| #define PACKAGE_STRING "glog 0.3.1"
| #define PACKAGE_BUGREPORT "opensource@google.com"
| #define PACKAGE "glog"
| #define VERSION "0.3.1"
| #define HAVE_SYS_TYPES_H 1
| #define HAVE_SYS_STAT_H 1
| #define HAVE_STDLIB_H 1
| #define HAVE_STRING_H 1
| #define HAVE_MEMORY_H 1
| #define HAVE_STRINGS_H 1
| #define HAVE_INTTYPES_H 1
| #define HAVE_STDINT_H 1
| #define HAVE_UNISTD_H 1
| #define HAVE_DLFCN_H 1
| #define HAVE_UNISTD_H 1
| #define HAVE_SYS_SYSCALL_H 1
| #define HAVE_EXECINFO_H 1
| #define HAVE_LIBUNWIND_H 1
| /* end confdefs.h.  */
| #include <stdio.h>
| #ifdef HAVE_SYS_TYPES_H
| # include <sys/types.h>
| #endif
| #ifdef HAVE_SYS_STAT_H
| # include <sys/stat.h>
| #endif
| #ifdef STDC_HEADERS
| # include <stdlib.h>
| # include <stddef.h>
| #else
| # ifdef HAVE_STDLIB_H
| #  include <stdlib.h>
| # endif
| #endif
| #ifdef HAVE_STRING_H
| # if !defined STDC_HEADERS && defined HAVE_MEMORY_H
| #  include <memory.h>
| # endif
| # include <string.h>
| #endif
| #ifdef HAVE_STRINGS_H
| # include <strings.h>
| #endif
| #ifdef HAVE_INTTYPES_H
| # include <inttypes.h>
| #endif
| #ifdef HAVE_STDINT_H
| # include <stdint.h>
| #endif
| #ifdef HAVE_UNISTD_H
| # include <unistd.h>
| #endif
| #include <ucontext.h>
configure:21195: result: no
configure:21199: checking ucontext.h presence
configure:21214: g++ -E  conftest.cpp
In file included from conftest.cpp:24:
/usr/include/ucontext.h:42:2: error: #error ucontext routines are deprecated, and require _XOPEN_SOURCE to be defined
configure:21220: $? = 1
configure: failed program was:
| /* confdefs.h.  */
| #define PACKAGE_NAME "glog"
| #define PACKAGE_TARNAME "glog"
| #define PACKAGE_VERSION "0.3.1"
| #define PACKAGE_STRING "glog 0.3.1"
| #define PACKAGE_BUGREPORT "opensource@google.com"
| #define PACKAGE "glog"
| #define VERSION "0.3.1"
| #define HAVE_SYS_TYPES_H 1
| #define HAVE_SYS_STAT_H 1
| #define HAVE_STDLIB_H 1
| #define HAVE_STRING_H 1
| #define HAVE_MEMORY_H 1
| #define HAVE_STRINGS_H 1
| #define HAVE_INTTYPES_H 1
| #define HAVE_STDINT_H 1
| #define HAVE_UNISTD_H 1
| #define HAVE_DLFCN_H 1
| #define HAVE_UNISTD_H 1
| #define HAVE_SYS_SYSCALL_H 1
| #define HAVE_EXECINFO_H 1
| #define HAVE_LIBUNWIND_H 1
| /* end confdefs.h.  */
| #include <ucontext.h>
configure:21234: result: no
configure:21267: checking for ucontext.h
configure:21275: result: no
configure:21303: checking sys/utsname.h usability
configure:21320: g++ -c -g -O2  conftest.cpp >&5
configure:21326: $? = 0
configure:21340: result: yes
configure:21344: checking sys/utsname.h presence
configure:21359: g++ -E  conftest.cpp
configure:21365: $? = 0
configure:21379: result: yes
configure:21412: checking for sys/utsname.h
configure:21420: result: yes
configure:21448: checking pwd.h usability
configure:21465: g++ -c -g -O2  conftest.cpp >&5
configure:21471: $? = 0
configure:21485: result: yes
configure:21489: checking pwd.h presence
configure:21504: g++ -E  conftest.cpp
configure:21510: $? = 0
configure:21524: result: yes
configure:21557: checking for pwd.h
configure:21565: result: yes
configure:21593: checking syslog.h usability
configure:21610: g++ -c -g -O2  conftest.cpp >&5
configure:21616: $? = 0
configure:21630: result: yes
configure:21634: checking syslog.h presence
configure:21649: g++ -E  conftest.cpp
configure:21655: $? = 0
configure:21669: result: yes
configure:21702: checking for syslog.h
configure:21710: result: yes
configure:21738: checking sys/time.h usability
configure:21755: g++ -c -g -O2  conftest.cpp >&5
configure:21761: $? = 0
configure:21775: result: yes
configure:21779: checking sys/time.h presence
configure:21794: g++ -E  conftest.cpp
configure:21800: $? = 0
configure:21814: result: yes
configure:21847: checking for sys/time.h
configure:21855: result: yes
configure:21883: checking glob.h usability
configure:21900: g++ -c -g -O2  conftest.cpp >&5
configure:21906: $? = 0
configure:21920: result: yes
configure:21924: checking glob.h presence
configure:21939: g++ -E  conftest.cpp
configure:21945: $? = 0
configure:21959: result: yes
configure:21992: checking for glob.h
configure:22000: result: yes
configure:22014: checking for void *
configure:22044: g++ -c -g -O2  conftest.cpp >&5
configure:22050: $? = 0
configure:22065: result: yes
configure:22072: checking size of void *
configure:22374: g++ -o conftest -g -O2   conftest.cpp  >&5
configure:22377: $? = 0
configure:22383: ./conftest
configure:22386: $? = 0
configure:22409: result: 8
configure:22422: checking for uint16_t
configure:22452: g++ -c -g -O2  conftest.cpp >&5
configure:22458: $? = 0
configure:22473: result: yes
configure:22481: checking for u_int16_t
configure:22511: g++ -c -g -O2  conftest.cpp >&5
configure:22517: $? = 0
configure:22532: result: yes
configure:22540: checking for __uint16
configure:22570: g++ -c -g -O2  conftest.cpp >&5
conftest.cpp:63: error: '__uint16' does not name a type
conftest.cpp: In function 'int main()':
conftest.cpp:67: error: 'ac__type_new_' was not declared in this scope
conftest.cpp:67: error: expected primary-expression before ')' token
conftest.cpp:67: error: expected `)' before numeric constant
conftest.cpp:69: error: 'ac__type_new_' was not declared in this scope
configure:22576: $? = 1
configure: failed program was:
| /* confdefs.h.  */
| #define PACKAGE_NAME "glog"
| #define PACKAGE_TARNAME "glog"
| #define PACKAGE_VERSION "0.3.1"
| #define PACKAGE_STRING "glog 0.3.1"
| #define PACKAGE_BUGREPORT "opensource@google.com"
| #define PACKAGE "glog"
| #define VERSION "0.3.1"
| #define HAVE_SYS_TYPES_H 1
| #define HAVE_SYS_STAT_H 1
| #define HAVE_STDLIB_H 1
| #define HAVE_STRING_H 1
| #define HAVE_MEMORY_H 1
| #define HAVE_STRINGS_H 1
| #define HAVE_INTTYPES_H 1
| #define HAVE_STDINT_H 1
| #define HAVE_UNISTD_H 1
| #define HAVE_DLFCN_H 1
| #define HAVE_UNISTD_H 1
| #define HAVE_SYS_SYSCALL_H 1
| #define HAVE_EXECINFO_H 1
| #define HAVE_LIBUNWIND_H 1
| #define HAVE_SYS_UTSNAME_H 1
| #define HAVE_PWD_H 1
| #define HAVE_SYSLOG_H 1
| #define HAVE_SYS_TIME_H 1
| #define HAVE_GLOB_H 1
| #define SIZEOF_VOID_P 8
| /* end confdefs.h.  */
| #include <stdio.h>
| #ifdef HAVE_SYS_TYPES_H
| # include <sys/types.h>
| #endif
| #ifdef HAVE_SYS_STAT_H
| # include <sys/stat.h>
| #endif
| #ifdef STDC_HEADERS
| # include <stdlib.h>
| # include <stddef.h>
| #else
| # ifdef HAVE_STDLIB_H
| #  include <stdlib.h>
| # endif
| #endif
| #ifdef HAVE_STRING_H
| # if !defined STDC_HEADERS && defined HAVE_MEMORY_H
| #  include <memory.h>
| # endif
| # include <string.h>
| #endif
| #ifdef HAVE_STRINGS_H
| # include <strings.h>
| #endif
| #ifdef HAVE_INTTYPES_H
| # include <inttypes.h>
| #endif
| #ifdef HAVE_STDINT_H
| # include <stdint.h>
| #endif
| #ifdef HAVE_UNISTD_H
| # include <unistd.h>
| #endif
| typedef __uint16 ac__type_new_;
| int
| main ()
| {
| if ((ac__type_new_ *) 0)
|   return 0;
| if (sizeof (ac__type_new_))
|   return 0;
|   ;
|   return 0;
| }
configure:22591: result: no
configure:22600: checking for sigaltstack
configure:22656: g++ -o conftest -g -O2   conftest.cpp  >&5
configure:22662: $? = 0
configure:22679: result: yes
configure:22689: checking for dladdr
configure:22745: g++ -o conftest -g -O2   conftest.cpp  >&5
configure:22751: $? = 0
configure:22768: result: yes
configure:22778: checking for fcntl
configure:22834: g++ -o conftest -g -O2   conftest.cpp  >&5
configure:22840: $? = 0
configure:22857: result: yes
configure:22869: checking for __attribute__
configure:22898: g++ -c -g -O2  conftest.cpp >&5
configure:22904: $? = 0
configure:22928: result: yes
configure:22941: checking for __builtin_expect
configure:22968: g++ -c -g -O2  conftest.cpp >&5
configure:22974: $? = 0
configure:22998: result: yes
configure:23008: checking for __sync_val_compare_and_swap
configure:23035: g++ -o conftest -g -O2   conftest.cpp  >&5
conftest.cpp: In function 'int main()':
conftest.cpp:37: error: redefinition of 'int main()'
conftest.cpp:35: error: 'int main()' previously defined here
configure:23041: $? = 1
configure: failed program was:
| /* confdefs.h.  */
| #define PACKAGE_NAME "glog"
| #define PACKAGE_TARNAME "glog"
| #define PACKAGE_VERSION "0.3.1"
| #define PACKAGE_STRING "glog 0.3.1"
| #define PACKAGE_BUGREPORT "opensource@google.com"
| #define PACKAGE "glog"
| #define VERSION "0.3.1"
| #define HAVE_SYS_TYPES_H 1
| #define HAVE_SYS_STAT_H 1
| #define HAVE_STDLIB_H 1
| #define HAVE_STRING_H 1
| #define HAVE_MEMORY_H 1
| #define HAVE_STRINGS_H 1
| #define HAVE_INTTYPES_H 1
| #define HAVE_STDINT_H 1
| #define HAVE_UNISTD_H 1
| #define HAVE_DLFCN_H 1
| #define HAVE_UNISTD_H 1
| #define HAVE_SYS_SYSCALL_H 1
| #define HAVE_EXECINFO_H 1
| #define HAVE_LIBUNWIND_H 1
| #define HAVE_SYS_UTSNAME_H 1
| #define HAVE_PWD_H 1
| #define HAVE_SYSLOG_H 1
| #define HAVE_SYS_TIME_H 1
| #define HAVE_GLOB_H 1
| #define SIZEOF_VOID_P 8
| #define HAVE_SIGALTSTACK 1
| #define HAVE_DLADDR 1
| #define HAVE_FCNTL 1
| #define HAVE___ATTRIBUTE__ 1
| #define HAVE___BUILTIN_EXPECT 1
| /* end confdefs.h.  */
| int main() { int a; if (__sync_val_compare_and_swap(&a, 0, 1)) return 1; return 0; }
| int
| main ()
| {
| 
|   ;
|   return 0;
| }
configure:23067: result: no
configure:23101: g++ -c -g -O2  conftest.cpp >&5
configure:23107: $? = 0
configure:23331: checking for the pthreads library -lpthreads
configure:23374: gcc -o conftest -g -O2    conftest.c -lpthreads  >&5
ld: library not found for -lpthreads
collect2: ld returned 1 exit status
configure:23380: $? = 1
configure: failed program was:
| /* confdefs.h.  */
| #define PACKAGE_NAME "glog"
| #define PACKAGE_TARNAME "glog"
| #define PACKAGE_VERSION "0.3.1"
| #define PACKAGE_STRING "glog 0.3.1"
| #define PACKAGE_BUGREPORT "opensource@google.com"
| #define PACKAGE "glog"
| #define VERSION "0.3.1"
| #define HAVE_SYS_TYPES_H 1
| #define HAVE_SYS_STAT_H 1
| #define HAVE_STDLIB_H 1
| #define HAVE_STRING_H 1
| #define HAVE_MEMORY_H 1
| #define HAVE_STRINGS_H 1
| #define HAVE_INTTYPES_H 1
| #define HAVE_STDINT_H 1
| #define HAVE_UNISTD_H 1
| #define HAVE_DLFCN_H 1
| #define HAVE_UNISTD_H 1
| #define HAVE_SYS_SYSCALL_H 1
| #define HAVE_EXECINFO_H 1
| #define HAVE_LIBUNWIND_H 1
| #define HAVE_SYS_UTSNAME_H 1
| #define HAVE_PWD_H 1
| #define HAVE_SYSLOG_H 1
| #define HAVE_SYS_TIME_H 1
| #define HAVE_GLOB_H 1
| #define SIZEOF_VOID_P 8
| #define HAVE_SIGALTSTACK 1
| #define HAVE_DLADDR 1
| #define HAVE_FCNTL 1
| #define HAVE___ATTRIBUTE__ 1
| #define HAVE___BUILTIN_EXPECT 1
| /* end confdefs.h.  */
| #include <pthread.h>
| int
| main ()
| {
| pthread_t th; pthread_join(th, 0);
|                      pthread_attr_init(0); pthread_cleanup_push(0, 0);
|                      pthread_create(0,0,0,0); pthread_cleanup_pop(0);
|   ;
|   return 0;
| }
configure:23400: result: no
configure:23276: checking whether pthreads work without any flags
configure:23374: gcc -o conftest -g -O2    conftest.c   >&5
configure:23380: $? = 0
configure:23400: result: yes
configure:23419: checking for joinable pthread attribute
configure:23444: gcc -o conftest -g -O2    conftest.c   >&5
configure:23450: $? = 0
configure:23467: result: PTHREAD_CREATE_JOINABLE
configure:23477: checking if more special flags are required for pthreads
configure:23484: result: -D_THREAD_SAFE
configure:23573: checking whether to check for GCC pthread/shared inconsistencies
configure:23596: gcc -o conftest -shared -fPIC -Wl,-z,defs -g -O2 -D_THREAD_SAFE    conftest.c   >&5
ld: unknown option: -z
collect2: ld returned 1 exit status
configure:23602: $? = 1
configure: failed program was:
| /* confdefs.h.  */
| #define PACKAGE_NAME "glog"
| #define PACKAGE_TARNAME "glog"
| #define PACKAGE_VERSION "0.3.1"
| #define PACKAGE_STRING "glog 0.3.1"
| #define PACKAGE_BUGREPORT "opensource@google.com"
| #define PACKAGE "glog"
| #define VERSION "0.3.1"
| #define HAVE_SYS_TYPES_H 1
| #define HAVE_SYS_STAT_H 1
| #define HAVE_STDLIB_H 1
| #define HAVE_STRING_H 1
| #define HAVE_MEMORY_H 1
| #define HAVE_STRINGS_H 1
| #define HAVE_INTTYPES_H 1
| #define HAVE_STDINT_H 1
| #define HAVE_UNISTD_H 1
| #define HAVE_DLFCN_H 1
| #define HAVE_UNISTD_H 1
| #define HAVE_SYS_SYSCALL_H 1
| #define HAVE_EXECINFO_H 1
| #define HAVE_LIBUNWIND_H 1
| #define HAVE_SYS_UTSNAME_H 1
| #define HAVE_PWD_H 1
| #define HAVE_SYSLOG_H 1
| #define HAVE_SYS_TIME_H 1
| #define HAVE_GLOB_H 1
| #define SIZEOF_VOID_P 8
| #define HAVE_SIGALTSTACK 1
| #define HAVE_DLADDR 1
| #define HAVE_FCNTL 1
| #define HAVE___ATTRIBUTE__ 1
| #define HAVE___BUILTIN_EXPECT 1
| /* end confdefs.h.  */
| 
| int
| main ()
| {
| 
|   ;
|   return 0;
| }
configure:23620: result: no
configure:23854: checking for pthread_self in -lpthread
configure:23889: g++ -o conftest -g -O2   conftest.cpp -lpthread   >&5
configure:23895: $? = 0
configure:23913: result: yes
configure:23939: checking for main in -lgflags
configure:23968: g++ -o conftest -g -O2   conftest.cpp -lgflags  -lpthread  >&5
configure:23974: $? = 0
configure:23992: result: yes
configure:24021: checking for gtest-config
configure:24051: result: no
configure:24136: checking for backtrace in -lunwind
configure:24171: g++ -o conftest -g -O2   conftest.cpp -lunwind  -lpthread  >&5
ld: library not found for -lunwind
collect2: ld returned 1 exit status
configure:24177: $? = 1
configure: failed program was:
| /* confdefs.h.  */
| #define PACKAGE_NAME "glog"
| #define PACKAGE_TARNAME "glog"
| #define PACKAGE_VERSION "0.3.1"
| #define PACKAGE_STRING "glog 0.3.1"
| #define PACKAGE_BUGREPORT "opensource@google.com"
| #define PACKAGE "glog"
| #define VERSION "0.3.1"
| #define HAVE_SYS_TYPES_H 1
| #define HAVE_SYS_STAT_H 1
| #define HAVE_STDLIB_H 1
| #define HAVE_STRING_H 1
| #define HAVE_MEMORY_H 1
| #define HAVE_STRINGS_H 1
| #define HAVE_INTTYPES_H 1
| #define HAVE_STDINT_H 1
| #define HAVE_UNISTD_H 1
| #define HAVE_DLFCN_H 1
| #define HAVE_UNISTD_H 1
| #define HAVE_SYS_SYSCALL_H 1
| #define HAVE_EXECINFO_H 1
| #define HAVE_LIBUNWIND_H 1
| #define HAVE_SYS_UTSNAME_H 1
| #define HAVE_PWD_H 1
| #define HAVE_SYSLOG_H 1
| #define HAVE_SYS_TIME_H 1
| #define HAVE_GLOB_H 1
| #define SIZEOF_VOID_P 8
| #define HAVE_SIGALTSTACK 1
| #define HAVE_DLADDR 1
| #define HAVE_FCNTL 1
| #define HAVE___ATTRIBUTE__ 1
| #define HAVE___BUILTIN_EXPECT 1
| #define HAVE_PTHREAD 1
| #define HAVE_LIBPTHREAD 1
| #define HAVE_LIB_GFLAGS 1
| /* end confdefs.h.  */
| 
| /* Override any GCC internal prototype to avoid an error.
|    Use char because int might match the return type of a GCC
|    builtin and then its argument prototype would still apply.  */
| #ifdef __cplusplus
| extern "C"
| #endif
| char backtrace ();
| int
| main ()
| {
| return backtrace ();
|   ;
|   return 0;
| }
configure:24195: result: no
configure:24214: checking support for pthread_rwlock_* functions
configure:24250: gcc -c -g -O2  conftest.c >&5
configure:24256: $? = 0
configure:24278: result: yes
configure:24291: checking whether the compiler implements namespaces
configure:24325: g++ -c -g -O2  conftest.cpp >&5
configure:24331: $? = 0
configure:24352: result: yes
configure:24361: checking what namespace STL code is in
configure:24395: g++ -c -g -O2  conftest.cpp >&5
conftest.cpp: In function 'int main()':
conftest.cpp:44: error: 'vector' was not declared in this scope
conftest.cpp:44: error: expected primary-expression before 'int'
conftest.cpp:44: error: expected `;' before 'int'
configure:24401: $? = 1
configure: failed program was:
| /* confdefs.h.  */
| #define PACKAGE_NAME "glog"
| #define PACKAGE_TARNAME "glog"
| #define PACKAGE_VERSION "0.3.1"
| #define PACKAGE_STRING "glog 0.3.1"
| #define PACKAGE_BUGREPORT "opensource@google.com"
| #define PACKAGE "glog"
| #define VERSION "0.3.1"
| #define HAVE_SYS_TYPES_H 1
| #define HAVE_SYS_STAT_H 1
| #define HAVE_STDLIB_H 1
| #define HAVE_STRING_H 1
| #define HAVE_MEMORY_H 1
| #define HAVE_STRINGS_H 1
| #define HAVE_INTTYPES_H 1
| #define HAVE_STDINT_H 1
| #define HAVE_UNISTD_H 1
| #define HAVE_DLFCN_H 1
| #define HAVE_UNISTD_H 1
| #define HAVE_SYS_SYSCALL_H 1
| #define HAVE_EXECINFO_H 1
| #define HAVE_LIBUNWIND_H 1
| #define HAVE_SYS_UTSNAME_H 1
| #define HAVE_PWD_H 1
| #define HAVE_SYSLOG_H 1
| #define HAVE_SYS_TIME_H 1
| #define HAVE_GLOB_H 1
| #define SIZEOF_VOID_P 8
| #define HAVE_SIGALTSTACK 1
| #define HAVE_DLADDR 1
| #define HAVE_FCNTL 1
| #define HAVE___ATTRIBUTE__ 1
| #define HAVE___BUILTIN_EXPECT 1
| #define HAVE_PTHREAD 1
| #define HAVE_LIBPTHREAD 1
| #define HAVE_LIB_GFLAGS 1
| #define HAVE_RWLOCK 1
| #define HAVE_NAMESPACES 1
| /* end confdefs.h.  */
| #include <vector>
| int
| main ()
| {
| vector<int> t; return 0;
|   ;
|   return 0;
| }
configure:24436: g++ -c -g -O2  conftest.cpp >&5
configure:24442: $? = 0
configure:24463: result: std
configure:24518: checking whether compiler supports using ::operator<<
configure:24552: g++ -c -g -O2  conftest.cpp >&5
configure:24558: $? = 0
configure:24579: result: 1
configure:24594: checking for ucontext.h
configure:24600: result: no
configure:24749: checking sys/ucontext.h usability
configure:24766: g++ -c -g -O2  conftest.cpp >&5
configure:24772: $? = 0
configure:24786: result: yes
configure:24790: checking sys/ucontext.h presence
configure:24805: g++ -E  conftest.cpp
configure:24811: $? = 0
configure:24825: result: yes
configure:24858: checking for sys/ucontext.h
configure:24866: result: yes
configure:24879: checking how to access the program counter from a struct ucontext
configure:24924: g++ -c -g -O2  conftest.cpp >&5
conftest.cpp: In function 'int main()':
conftest.cpp:51: error: request for member 'gregs' in 'u.__darwin_ucontext::uc_mcontext', which is of non-class type '__darwin_mcontext64*'
conftest.cpp:51: error: 'REG_PC' was not declared in this scope
configure:24930: $? = 1
configure: failed program was:
| /* confdefs.h.  */
| #define PACKAGE_NAME "glog"
| #define PACKAGE_TARNAME "glog"
| #define PACKAGE_VERSION "0.3.1"
| #define PACKAGE_STRING "glog 0.3.1"
| #define PACKAGE_BUGREPORT "opensource@google.com"
| #define PACKAGE "glog"
| #define VERSION "0.3.1"
| #define HAVE_SYS_TYPES_H 1
| #define HAVE_SYS_STAT_H 1
| #define HAVE_STDLIB_H 1
| #define HAVE_STRING_H 1
| #define HAVE_MEMORY_H 1
| #define HAVE_STRINGS_H 1
| #define HAVE_INTTYPES_H 1
| #define HAVE_STDINT_H 1
| #define HAVE_UNISTD_H 1
| #define HAVE_DLFCN_H 1
| #define HAVE_UNISTD_H 1
| #define HAVE_SYS_SYSCALL_H 1
| #define HAVE_EXECINFO_H 1
| #define HAVE_LIBUNWIND_H 1
| #define HAVE_SYS_UTSNAME_H 1
| #define HAVE_PWD_H 1
| #define HAVE_SYSLOG_H 1
| #define HAVE_SYS_TIME_H 1
| #define HAVE_GLOB_H 1
| #define SIZEOF_VOID_P 8
| #define HAVE_SIGALTSTACK 1
| #define HAVE_DLADDR 1
| #define HAVE_FCNTL 1
| #define HAVE___ATTRIBUTE__ 1
| #define HAVE___BUILTIN_EXPECT 1
| #define HAVE_PTHREAD 1
| #define HAVE_LIBPTHREAD 1
| #define HAVE_LIB_GFLAGS 1
| #define HAVE_RWLOCK 1
| #define HAVE_NAMESPACES 1
| #define STL_NAMESPACE std
| #define GOOGLE_NAMESPACE google
| #define _START_GOOGLE_NAMESPACE_ namespace google {
| #define _END_GOOGLE_NAMESPACE_ }
| #define HAVE_USING_OPERATOR 1
| #define HAVE_SYS_UCONTEXT_H 1
| /* end confdefs.h.  */
| #define _GNU_SOURCE 1
|                          #include <sys/ucontext.h>
| int
| main ()
| {
| ucontext_t u; return u.uc_mcontext.gregs[REG_PC] == 0;
|   ;
|   return 0;
| }
configure:24924: g++ -c -g -O2  conftest.cpp >&5
conftest.cpp: In function 'int main()':
conftest.cpp:51: error: request for member 'gregs' in 'u.__darwin_ucontext::uc_mcontext', which is of non-class type '__darwin_mcontext64*'
conftest.cpp:51: error: 'REG_EIP' was not declared in this scope
configure:24930: $? = 1
configure: failed program was:
| /* confdefs.h.  */
| #define PACKAGE_NAME "glog"
| #define PACKAGE_TARNAME "glog"
| #define PACKAGE_VERSION "0.3.1"
| #define PACKAGE_STRING "glog 0.3.1"
| #define PACKAGE_BUGREPORT "opensource@google.com"
| #define PACKAGE "glog"
| #define VERSION "0.3.1"
| #define HAVE_SYS_TYPES_H 1
| #define HAVE_SYS_STAT_H 1
| #define HAVE_STDLIB_H 1
| #define HAVE_STRING_H 1
| #define HAVE_MEMORY_H 1
| #define HAVE_STRINGS_H 1
| #define HAVE_INTTYPES_H 1
| #define HAVE_STDINT_H 1
| #define HAVE_UNISTD_H 1
| #define HAVE_DLFCN_H 1
| #define HAVE_UNISTD_H 1
| #define HAVE_SYS_SYSCALL_H 1
| #define HAVE_EXECINFO_H 1
| #define HAVE_LIBUNWIND_H 1
| #define HAVE_SYS_UTSNAME_H 1
| #define HAVE_PWD_H 1
| #define HAVE_SYSLOG_H 1
| #define HAVE_SYS_TIME_H 1
| #define HAVE_GLOB_H 1
| #define SIZEOF_VOID_P 8
| #define HAVE_SIGALTSTACK 1
| #define HAVE_DLADDR 1
| #define HAVE_FCNTL 1
| #define HAVE___ATTRIBUTE__ 1
| #define HAVE___BUILTIN_EXPECT 1
| #define HAVE_PTHREAD 1
| #define HAVE_LIBPTHREAD 1
| #define HAVE_LIB_GFLAGS 1
| #define HAVE_RWLOCK 1
| #define HAVE_NAMESPACES 1
| #define STL_NAMESPACE std
| #define GOOGLE_NAMESPACE google
| #define _START_GOOGLE_NAMESPACE_ namespace google {
| #define _END_GOOGLE_NAMESPACE_ }
| #define HAVE_USING_OPERATOR 1
| #define HAVE_SYS_UCONTEXT_H 1
| /* end confdefs.h.  */
| #define _GNU_SOURCE 1
|                          #include <sys/ucontext.h>
| int
| main ()
| {
| ucontext_t u; return u.uc_mcontext.gregs[REG_EIP] == 0;
|   ;
|   return 0;
| }
configure:24924: g++ -c -g -O2  conftest.cpp >&5
conftest.cpp: In function 'int main()':
conftest.cpp:51: error: request for member 'gregs' in 'u.__darwin_ucontext::uc_mcontext', which is of non-class type '__darwin_mcontext64*'
conftest.cpp:51: error: 'REG_RIP' was not declared in this scope
configure:24930: $? = 1
configure: failed program was:
| /* confdefs.h.  */
| #define PACKAGE_NAME "glog"
| #define PACKAGE_TARNAME "glog"
| #define PACKAGE_VERSION "0.3.1"
| #define PACKAGE_STRING "glog 0.3.1"
| #define PACKAGE_BUGREPORT "opensource@google.com"
| #define PACKAGE "glog"
| #define VERSION "0.3.1"
| #define HAVE_SYS_TYPES_H 1
| #define HAVE_SYS_STAT_H 1
| #define HAVE_STDLIB_H 1
| #define HAVE_STRING_H 1
| #define HAVE_MEMORY_H 1
| #define HAVE_STRINGS_H 1
| #define HAVE_INTTYPES_H 1
| #define HAVE_STDINT_H 1
| #define HAVE_UNISTD_H 1
| #define HAVE_DLFCN_H 1
| #define HAVE_UNISTD_H 1
| #define HAVE_SYS_SYSCALL_H 1
| #define HAVE_EXECINFO_H 1
| #define HAVE_LIBUNWIND_H 1
| #define HAVE_SYS_UTSNAME_H 1
| #define HAVE_PWD_H 1
| #define HAVE_SYSLOG_H 1
| #define HAVE_SYS_TIME_H 1
| #define HAVE_GLOB_H 1
| #define SIZEOF_VOID_P 8
| #define HAVE_SIGALTSTACK 1
| #define HAVE_DLADDR 1
| #define HAVE_FCNTL 1
| #define HAVE___ATTRIBUTE__ 1
| #define HAVE___BUILTIN_EXPECT 1
| #define HAVE_PTHREAD 1
| #define HAVE_LIBPTHREAD 1
| #define HAVE_LIB_GFLAGS 1
| #define HAVE_RWLOCK 1
| #define HAVE_NAMESPACES 1
| #define STL_NAMESPACE std
| #define GOOGLE_NAMESPACE google
| #define _START_GOOGLE_NAMESPACE_ namespace google {
| #define _END_GOOGLE_NAMESPACE_ }
| #define HAVE_USING_OPERATOR 1
| #define HAVE_SYS_UCONTEXT_H 1
| /* end confdefs.h.  */
| #define _GNU_SOURCE 1
|                          #include <sys/ucontext.h>
| int
| main ()
| {
| ucontext_t u; return u.uc_mcontext.gregs[REG_RIP] == 0;
|   ;
|   return 0;
| }
configure:24924: g++ -c -g -O2  conftest.cpp >&5
conftest.cpp: In function 'int main()':
conftest.cpp:51: error: request for member 'sc_ip' in 'u.__darwin_ucontext::uc_mcontext', which is of non-class type '__darwin_mcontext64*'
configure:24930: $? = 1
configure: failed program was:
| /* confdefs.h.  */
| #define PACKAGE_NAME "glog"
| #define PACKAGE_TARNAME "glog"
| #define PACKAGE_VERSION "0.3.1"
| #define PACKAGE_STRING "glog 0.3.1"
| #define PACKAGE_BUGREPORT "opensource@google.com"
| #define PACKAGE "glog"
| #define VERSION "0.3.1"
| #define HAVE_SYS_TYPES_H 1
| #define HAVE_SYS_STAT_H 1
| #define HAVE_STDLIB_H 1
| #define HAVE_STRING_H 1
| #define HAVE_MEMORY_H 1
| #define HAVE_STRINGS_H 1
| #define HAVE_INTTYPES_H 1
| #define HAVE_STDINT_H 1
| #define HAVE_UNISTD_H 1
| #define HAVE_DLFCN_H 1
| #define HAVE_UNISTD_H 1
| #define HAVE_SYS_SYSCALL_H 1
| #define HAVE_EXECINFO_H 1
| #define HAVE_LIBUNWIND_H 1
| #define HAVE_SYS_UTSNAME_H 1
| #define HAVE_PWD_H 1
| #define HAVE_SYSLOG_H 1
| #define HAVE_SYS_TIME_H 1
| #define HAVE_GLOB_H 1
| #define SIZEOF_VOID_P 8
| #define HAVE_SIGALTSTACK 1
| #define HAVE_DLADDR 1
| #define HAVE_FCNTL 1
| #define HAVE___ATTRIBUTE__ 1
| #define HAVE___BUILTIN_EXPECT 1
| #define HAVE_PTHREAD 1
| #define HAVE_LIBPTHREAD 1
| #define HAVE_LIB_GFLAGS 1
| #define HAVE_RWLOCK 1
| #define HAVE_NAMESPACES 1
| #define STL_NAMESPACE std
| #define GOOGLE_NAMESPACE google
| #define _START_GOOGLE_NAMESPACE_ namespace google {
| #define _END_GOOGLE_NAMESPACE_ }
| #define HAVE_USING_OPERATOR 1
| #define HAVE_SYS_UCONTEXT_H 1
| /* end confdefs.h.  */
| #define _GNU_SOURCE 1
|                          #include <sys/ucontext.h>
| int
| main ()
| {
| ucontext_t u; return u.uc_mcontext.sc_ip == 0;
|   ;
|   return 0;
| }
configure:24924: g++ -c -g -O2  conftest.cpp >&5
conftest.cpp: In function 'int main()':
conftest.cpp:51: error: request for member 'uc_regs' in 'u.__darwin_ucontext::uc_mcontext', which is of non-class type '__darwin_mcontext64*'
conftest.cpp:51: error: 'PT_NIP' was not declared in this scope
configure:24930: $? = 1
configure: failed program was:
| /* confdefs.h.  */
| #define PACKAGE_NAME "glog"
| #define PACKAGE_TARNAME "glog"
| #define PACKAGE_VERSION "0.3.1"
| #define PACKAGE_STRING "glog 0.3.1"
| #define PACKAGE_BUGREPORT "opensource@google.com"
| #define PACKAGE "glog"
| #define VERSION "0.3.1"
| #define HAVE_SYS_TYPES_H 1
| #define HAVE_SYS_STAT_H 1
| #define HAVE_STDLIB_H 1
| #define HAVE_STRING_H 1
| #define HAVE_MEMORY_H 1
| #define HAVE_STRINGS_H 1
| #define HAVE_INTTYPES_H 1
| #define HAVE_STDINT_H 1
| #define HAVE_UNISTD_H 1
| #define HAVE_DLFCN_H 1
| #define HAVE_UNISTD_H 1
| #define HAVE_SYS_SYSCALL_H 1
| #define HAVE_EXECINFO_H 1
| #define HAVE_LIBUNWIND_H 1
| #define HAVE_SYS_UTSNAME_H 1
| #define HAVE_PWD_H 1
| #define HAVE_SYSLOG_H 1
| #define HAVE_SYS_TIME_H 1
| #define HAVE_GLOB_H 1
| #define SIZEOF_VOID_P 8
| #define HAVE_SIGALTSTACK 1
| #define HAVE_DLADDR 1
| #define HAVE_FCNTL 1
| #define HAVE___ATTRIBUTE__ 1
| #define HAVE___BUILTIN_EXPECT 1
| #define HAVE_PTHREAD 1
| #define HAVE_LIBPTHREAD 1
| #define HAVE_LIB_GFLAGS 1
| #define HAVE_RWLOCK 1
| #define HAVE_NAMESPACES 1
| #define STL_NAMESPACE std
| #define GOOGLE_NAMESPACE google
| #define _START_GOOGLE_NAMESPACE_ namespace google {
| #define _END_GOOGLE_NAMESPACE_ }
| #define HAVE_USING_OPERATOR 1
| #define HAVE_SYS_UCONTEXT_H 1
| /* end confdefs.h.  */
| #define _GNU_SOURCE 1
|                          #include <sys/ucontext.h>
| int
| main ()
| {
| ucontext_t u; return u.uc_mcontext.uc_regs->gregs[PT_NIP] == 0;
|   ;
|   return 0;
| }
configure:24924: g++ -c -g -O2  conftest.cpp >&5
conftest.cpp: In function 'int main()':
conftest.cpp:51: error: request for member 'gregs' in 'u.__darwin_ucontext::uc_mcontext', which is of non-class type '__darwin_mcontext64*'
conftest.cpp:51: error: 'R15' was not declared in this scope
configure:24930: $? = 1
configure: failed program was:
| /* confdefs.h.  */
| #define PACKAGE_NAME "glog"
| #define PACKAGE_TARNAME "glog"
| #define PACKAGE_VERSION "0.3.1"
| #define PACKAGE_STRING "glog 0.3.1"
| #define PACKAGE_BUGREPORT "opensource@google.com"
| #define PACKAGE "glog"
| #define VERSION "0.3.1"
| #define HAVE_SYS_TYPES_H 1
| #define HAVE_SYS_STAT_H 1
| #define HAVE_STDLIB_H 1
| #define HAVE_STRING_H 1
| #define HAVE_MEMORY_H 1
| #define HAVE_STRINGS_H 1
| #define HAVE_INTTYPES_H 1
| #define HAVE_STDINT_H 1
| #define HAVE_UNISTD_H 1
| #define HAVE_DLFCN_H 1
| #define HAVE_UNISTD_H 1
| #define HAVE_SYS_SYSCALL_H 1
| #define HAVE_EXECINFO_H 1
| #define HAVE_LIBUNWIND_H 1
| #define HAVE_SYS_UTSNAME_H 1
| #define HAVE_PWD_H 1
| #define HAVE_SYSLOG_H 1
| #define HAVE_SYS_TIME_H 1
| #define HAVE_GLOB_H 1
| #define SIZEOF_VOID_P 8
| #define HAVE_SIGALTSTACK 1
| #define HAVE_DLADDR 1
| #define HAVE_FCNTL 1
| #define HAVE___ATTRIBUTE__ 1
| #define HAVE___BUILTIN_EXPECT 1
| #define HAVE_PTHREAD 1
| #define HAVE_LIBPTHREAD 1
| #define HAVE_LIB_GFLAGS 1
| #define HAVE_RWLOCK 1
| #define HAVE_NAMESPACES 1
| #define STL_NAMESPACE std
| #define GOOGLE_NAMESPACE google
| #define _START_GOOGLE_NAMESPACE_ namespace google {
| #define _END_GOOGLE_NAMESPACE_ }
| #define HAVE_USING_OPERATOR 1
| #define HAVE_SYS_UCONTEXT_H 1
| /* end confdefs.h.  */
| #define _GNU_SOURCE 1
|                          #include <sys/ucontext.h>
| int
| main ()
| {
| ucontext_t u; return u.uc_mcontext.gregs[R15] == 0;
|   ;
|   return 0;
| }
configure:24924: g++ -c -g -O2  conftest.cpp >&5
conftest.cpp: In function 'int main()':
conftest.cpp:51: error: request for member 'arm_pc' in 'u.__darwin_ucontext::uc_mcontext', which is of non-class type '__darwin_mcontext64*'
configure:24930: $? = 1
configure: failed program was:
| /* confdefs.h.  */
| #define PACKAGE_NAME "glog"
| #define PACKAGE_TARNAME "glog"
| #define PACKAGE_VERSION "0.3.1"
| #define PACKAGE_STRING "glog 0.3.1"
| #define PACKAGE_BUGREPORT "opensource@google.com"
| #define PACKAGE "glog"
| #define VERSION "0.3.1"
| #define HAVE_SYS_TYPES_H 1
| #define HAVE_SYS_STAT_H 1
| #define HAVE_STDLIB_H 1
| #define HAVE_STRING_H 1
| #define HAVE_MEMORY_H 1
| #define HAVE_STRINGS_H 1
| #define HAVE_INTTYPES_H 1
| #define HAVE_STDINT_H 1
| #define HAVE_UNISTD_H 1
| #define HAVE_DLFCN_H 1
| #define HAVE_UNISTD_H 1
| #define HAVE_SYS_SYSCALL_H 1
| #define HAVE_EXECINFO_H 1
| #define HAVE_LIBUNWIND_H 1
| #define HAVE_SYS_UTSNAME_H 1
| #define HAVE_PWD_H 1
| #define HAVE_SYSLOG_H 1
| #define HAVE_SYS_TIME_H 1
| #define HAVE_GLOB_H 1
| #define SIZEOF_VOID_P 8
| #define HAVE_SIGALTSTACK 1
| #define HAVE_DLADDR 1
| #define HAVE_FCNTL 1
| #define HAVE___ATTRIBUTE__ 1
| #define HAVE___BUILTIN_EXPECT 1
| #define HAVE_PTHREAD 1
| #define HAVE_LIBPTHREAD 1
| #define HAVE_LIB_GFLAGS 1
| #define HAVE_RWLOCK 1
| #define HAVE_NAMESPACES 1
| #define STL_NAMESPACE std
| #define GOOGLE_NAMESPACE google
| #define _START_GOOGLE_NAMESPACE_ namespace google {
| #define _END_GOOGLE_NAMESPACE_ }
| #define HAVE_USING_OPERATOR 1
| #define HAVE_SYS_UCONTEXT_H 1
| /* end confdefs.h.  */
| #define _GNU_SOURCE 1
|                          #include <sys/ucontext.h>
| int
| main ()
| {
| ucontext_t u; return u.uc_mcontext.arm_pc == 0;
|   ;
|   return 0;
| }
configure:24924: g++ -c -g -O2  conftest.cpp >&5
conftest.cpp: In function 'int main()':
conftest.cpp:51: error: request for member 'mc_eip' in 'u.__darwin_ucontext::uc_mcontext', which is of non-class type '__darwin_mcontext64*'
configure:24930: $? = 1
configure: failed program was:
| /* confdefs.h.  */
| #define PACKAGE_NAME "glog"
| #define PACKAGE_TARNAME "glog"
| #define PACKAGE_VERSION "0.3.1"
| #define PACKAGE_STRING "glog 0.3.1"
| #define PACKAGE_BUGREPORT "opensource@google.com"
| #define PACKAGE "glog"
| #define VERSION "0.3.1"
| #define HAVE_SYS_TYPES_H 1
| #define HAVE_SYS_STAT_H 1
| #define HAVE_STDLIB_H 1
| #define HAVE_STRING_H 1
| #define HAVE_MEMORY_H 1
| #define HAVE_STRINGS_H 1
| #define HAVE_INTTYPES_H 1
| #define HAVE_STDINT_H 1
| #define HAVE_UNISTD_H 1
| #define HAVE_DLFCN_H 1
| #define HAVE_UNISTD_H 1
| #define HAVE_SYS_SYSCALL_H 1
| #define HAVE_EXECINFO_H 1
| #define HAVE_LIBUNWIND_H 1
| #define HAVE_SYS_UTSNAME_H 1
| #define HAVE_PWD_H 1
| #define HAVE_SYSLOG_H 1
| #define HAVE_SYS_TIME_H 1
| #define HAVE_GLOB_H 1
| #define SIZEOF_VOID_P 8
| #define HAVE_SIGALTSTACK 1
| #define HAVE_DLADDR 1
| #define HAVE_FCNTL 1
| #define HAVE___ATTRIBUTE__ 1
| #define HAVE___BUILTIN_EXPECT 1
| #define HAVE_PTHREAD 1
| #define HAVE_LIBPTHREAD 1
| #define HAVE_LIB_GFLAGS 1
| #define HAVE_RWLOCK 1
| #define HAVE_NAMESPACES 1
| #define STL_NAMESPACE std
| #define GOOGLE_NAMESPACE google
| #define _START_GOOGLE_NAMESPACE_ namespace google {
| #define _END_GOOGLE_NAMESPACE_ }
| #define HAVE_USING_OPERATOR 1
| #define HAVE_SYS_UCONTEXT_H 1
| /* end confdefs.h.  */
| #define _GNU_SOURCE 1
|                          #include <sys/ucontext.h>
| int
| main ()
| {
| ucontext_t u; return u.uc_mcontext.mc_eip == 0;
|   ;
|   return 0;
| }
configure:24924: g++ -c -g -O2  conftest.cpp >&5
conftest.cpp: In function 'int main()':
conftest.cpp:51: error: request for member 'mc_rip' in 'u.__darwin_ucontext::uc_mcontext', which is of non-class type '__darwin_mcontext64*'
configure:24930: $? = 1
configure: failed program was:
| /* confdefs.h.  */
| #define PACKAGE_NAME "glog"
| #define PACKAGE_TARNAME "glog"
| #define PACKAGE_VERSION "0.3.1"
| #define PACKAGE_STRING "glog 0.3.1"
| #define PACKAGE_BUGREPORT "opensource@google.com"
| #define PACKAGE "glog"
| #define VERSION "0.3.1"
| #define HAVE_SYS_TYPES_H 1
| #define HAVE_SYS_STAT_H 1
| #define HAVE_STDLIB_H 1
| #define HAVE_STRING_H 1
| #define HAVE_MEMORY_H 1
| #define HAVE_STRINGS_H 1
| #define HAVE_INTTYPES_H 1
| #define HAVE_STDINT_H 1
| #define HAVE_UNISTD_H 1
| #define HAVE_DLFCN_H 1
| #define HAVE_UNISTD_H 1
| #define HAVE_SYS_SYSCALL_H 1
| #define HAVE_EXECINFO_H 1
| #define HAVE_LIBUNWIND_H 1
| #define HAVE_SYS_UTSNAME_H 1
| #define HAVE_PWD_H 1
| #define HAVE_SYSLOG_H 1
| #define HAVE_SYS_TIME_H 1
| #define HAVE_GLOB_H 1
| #define SIZEOF_VOID_P 8
| #define HAVE_SIGALTSTACK 1
| #define HAVE_DLADDR 1
| #define HAVE_FCNTL 1
| #define HAVE___ATTRIBUTE__ 1
| #define HAVE___BUILTIN_EXPECT 1
| #define HAVE_PTHREAD 1
| #define HAVE_LIBPTHREAD 1
| #define HAVE_LIB_GFLAGS 1
| #define HAVE_RWLOCK 1
| #define HAVE_NAMESPACES 1
| #define STL_NAMESPACE std
| #define GOOGLE_NAMESPACE google
| #define _START_GOOGLE_NAMESPACE_ namespace google {
| #define _END_GOOGLE_NAMESPACE_ }
| #define HAVE_USING_OPERATOR 1
| #define HAVE_SYS_UCONTEXT_H 1
| /* end confdefs.h.  */
| #define _GNU_SOURCE 1
|                          #include <sys/ucontext.h>
| int
| main ()
| {
| ucontext_t u; return u.uc_mcontext.mc_rip == 0;
|   ;
|   return 0;
| }
configure:24924: g++ -c -g -O2  conftest.cpp >&5
conftest.cpp: In function 'int main()':
conftest.cpp:51: error: request for member '__gregs' in 'u.__darwin_ucontext::uc_mcontext', which is of non-class type '__darwin_mcontext64*'
conftest.cpp:51: error: '_REG_EIP' was not declared in this scope
configure:24930: $? = 1
configure: failed program was:
| /* confdefs.h.  */
| #define PACKAGE_NAME "glog"
| #define PACKAGE_TARNAME "glog"
| #define PACKAGE_VERSION "0.3.1"
| #define PACKAGE_STRING "glog 0.3.1"
| #define PACKAGE_BUGREPORT "opensource@google.com"
| #define PACKAGE "glog"
| #define VERSION "0.3.1"
| #define HAVE_SYS_TYPES_H 1
| #define HAVE_SYS_STAT_H 1
| #define HAVE_STDLIB_H 1
| #define HAVE_STRING_H 1
| #define HAVE_MEMORY_H 1
| #define HAVE_STRINGS_H 1
| #define HAVE_INTTYPES_H 1
| #define HAVE_STDINT_H 1
| #define HAVE_UNISTD_H 1
| #define HAVE_DLFCN_H 1
| #define HAVE_UNISTD_H 1
| #define HAVE_SYS_SYSCALL_H 1
| #define HAVE_EXECINFO_H 1
| #define HAVE_LIBUNWIND_H 1
| #define HAVE_SYS_UTSNAME_H 1
| #define HAVE_PWD_H 1
| #define HAVE_SYSLOG_H 1
| #define HAVE_SYS_TIME_H 1
| #define HAVE_GLOB_H 1
| #define SIZEOF_VOID_P 8
| #define HAVE_SIGALTSTACK 1
| #define HAVE_DLADDR 1
| #define HAVE_FCNTL 1
| #define HAVE___ATTRIBUTE__ 1
| #define HAVE___BUILTIN_EXPECT 1
| #define HAVE_PTHREAD 1
| #define HAVE_LIBPTHREAD 1
| #define HAVE_LIB_GFLAGS 1
| #define HAVE_RWLOCK 1
| #define HAVE_NAMESPACES 1
| #define STL_NAMESPACE std
| #define GOOGLE_NAMESPACE google
| #define _START_GOOGLE_NAMESPACE_ namespace google {
| #define _END_GOOGLE_NAMESPACE_ }
| #define HAVE_USING_OPERATOR 1
| #define HAVE_SYS_UCONTEXT_H 1
| /* end confdefs.h.  */
| #define _GNU_SOURCE 1
|                          #include <sys/ucontext.h>
| int
| main ()
| {
| ucontext_t u; return u.uc_mcontext.__gregs[_REG_EIP] == 0;
|   ;
|   return 0;
| }
configure:24924: g++ -c -g -O2  conftest.cpp >&5
conftest.cpp: In function 'int main()':
conftest.cpp:51: error: request for member '__gregs' in 'u.__darwin_ucontext::uc_mcontext', which is of non-class type '__darwin_mcontext64*'
conftest.cpp:51: error: '_REG_RIP' was not declared in this scope
configure:24930: $? = 1
configure: failed program was:
| /* confdefs.h.  */
| #define PACKAGE_NAME "glog"
| #define PACKAGE_TARNAME "glog"
| #define PACKAGE_VERSION "0.3.1"
| #define PACKAGE_STRING "glog 0.3.1"
| #define PACKAGE_BUGREPORT "opensource@google.com"
| #define PACKAGE "glog"
| #define VERSION "0.3.1"
| #define HAVE_SYS_TYPES_H 1
| #define HAVE_SYS_STAT_H 1
| #define HAVE_STDLIB_H 1
| #define HAVE_STRING_H 1
| #define HAVE_MEMORY_H 1
| #define HAVE_STRINGS_H 1
| #define HAVE_INTTYPES_H 1
| #define HAVE_STDINT_H 1
| #define HAVE_UNISTD_H 1
| #define HAVE_DLFCN_H 1
| #define HAVE_UNISTD_H 1
| #define HAVE_SYS_SYSCALL_H 1
| #define HAVE_EXECINFO_H 1
| #define HAVE_LIBUNWIND_H 1
| #define HAVE_SYS_UTSNAME_H 1
| #define HAVE_PWD_H 1
| #define HAVE_SYSLOG_H 1
| #define HAVE_SYS_TIME_H 1
| #define HAVE_GLOB_H 1
| #define SIZEOF_VOID_P 8
| #define HAVE_SIGALTSTACK 1
| #define HAVE_DLADDR 1
| #define HAVE_FCNTL 1
| #define HAVE___ATTRIBUTE__ 1
| #define HAVE___BUILTIN_EXPECT 1
| #define HAVE_PTHREAD 1
| #define HAVE_LIBPTHREAD 1
| #define HAVE_LIB_GFLAGS 1
| #define HAVE_RWLOCK 1
| #define HAVE_NAMESPACES 1
| #define STL_NAMESPACE std
| #define GOOGLE_NAMESPACE google
| #define _START_GOOGLE_NAMESPACE_ namespace google {
| #define _END_GOOGLE_NAMESPACE_ }
| #define HAVE_USING_OPERATOR 1
| #define HAVE_SYS_UCONTEXT_H 1
| /* end confdefs.h.  */
| #define _GNU_SOURCE 1
|                          #include <sys/ucontext.h>
| int
| main ()
| {
| ucontext_t u; return u.uc_mcontext.__gregs[_REG_RIP] == 0;
|   ;
|   return 0;
| }
configure:24924: g++ -c -g -O2  conftest.cpp >&5
conftest.cpp: In function 'int main()':
conftest.cpp:51: error: 'struct __darwin_mcontext64' has no member named 'ss'
configure:24930: $? = 1
configure: failed program was:
| /* confdefs.h.  */
| #define PACKAGE_NAME "glog"
| #define PACKAGE_TARNAME "glog"
| #define PACKAGE_VERSION "0.3.1"
| #define PACKAGE_STRING "glog 0.3.1"
| #define PACKAGE_BUGREPORT "opensource@google.com"
| #define PACKAGE "glog"
| #define VERSION "0.3.1"
| #define HAVE_SYS_TYPES_H 1
| #define HAVE_SYS_STAT_H 1
| #define HAVE_STDLIB_H 1
| #define HAVE_STRING_H 1
| #define HAVE_MEMORY_H 1
| #define HAVE_STRINGS_H 1
| #define HAVE_INTTYPES_H 1
| #define HAVE_STDINT_H 1
| #define HAVE_UNISTD_H 1
| #define HAVE_DLFCN_H 1
| #define HAVE_UNISTD_H 1
| #define HAVE_SYS_SYSCALL_H 1
| #define HAVE_EXECINFO_H 1
| #define HAVE_LIBUNWIND_H 1
| #define HAVE_SYS_UTSNAME_H 1
| #define HAVE_PWD_H 1
| #define HAVE_SYSLOG_H 1
| #define HAVE_SYS_TIME_H 1
| #define HAVE_GLOB_H 1
| #define SIZEOF_VOID_P 8
| #define HAVE_SIGALTSTACK 1
| #define HAVE_DLADDR 1
| #define HAVE_FCNTL 1
| #define HAVE___ATTRIBUTE__ 1
| #define HAVE___BUILTIN_EXPECT 1
| #define HAVE_PTHREAD 1
| #define HAVE_LIBPTHREAD 1
| #define HAVE_LIB_GFLAGS 1
| #define HAVE_RWLOCK 1
| #define HAVE_NAMESPACES 1
| #define STL_NAMESPACE std
| #define GOOGLE_NAMESPACE google
| #define _START_GOOGLE_NAMESPACE_ namespace google {
| #define _END_GOOGLE_NAMESPACE_ }
| #define HAVE_USING_OPERATOR 1
| #define HAVE_SYS_UCONTEXT_H 1
| /* end confdefs.h.  */
| #define _GNU_SOURCE 1
|                          #include <sys/ucontext.h>
| int
| main ()
| {
| ucontext_t u; return u.uc_mcontext->ss.eip == 0;
|   ;
|   return 0;
| }
configure:24924: g++ -c -g -O2  conftest.cpp >&5
conftest.cpp: In function 'int main()':
conftest.cpp:51: error: 'struct __darwin_x86_thread_state64' has no member named '__eip'
configure:24930: $? = 1
configure: failed program was:
| /* confdefs.h.  */
| #define PACKAGE_NAME "glog"
| #define PACKAGE_TARNAME "glog"
| #define PACKAGE_VERSION "0.3.1"
| #define PACKAGE_STRING "glog 0.3.1"
| #define PACKAGE_BUGREPORT "opensource@google.com"
| #define PACKAGE "glog"
| #define VERSION "0.3.1"
| #define HAVE_SYS_TYPES_H 1
| #define HAVE_SYS_STAT_H 1
| #define HAVE_STDLIB_H 1
| #define HAVE_STRING_H 1
| #define HAVE_MEMORY_H 1
| #define HAVE_STRINGS_H 1
| #define HAVE_INTTYPES_H 1
| #define HAVE_STDINT_H 1
| #define HAVE_UNISTD_H 1
| #define HAVE_DLFCN_H 1
| #define HAVE_UNISTD_H 1
| #define HAVE_SYS_SYSCALL_H 1
| #define HAVE_EXECINFO_H 1
| #define HAVE_LIBUNWIND_H 1
| #define HAVE_SYS_UTSNAME_H 1
| #define HAVE_PWD_H 1
| #define HAVE_SYSLOG_H 1
| #define HAVE_SYS_TIME_H 1
| #define HAVE_GLOB_H 1
| #define SIZEOF_VOID_P 8
| #define HAVE_SIGALTSTACK 1
| #define HAVE_DLADDR 1
| #define HAVE_FCNTL 1
| #define HAVE___ATTRIBUTE__ 1
| #define HAVE___BUILTIN_EXPECT 1
| #define HAVE_PTHREAD 1
| #define HAVE_LIBPTHREAD 1
| #define HAVE_LIB_GFLAGS 1
| #define HAVE_RWLOCK 1
| #define HAVE_NAMESPACES 1
| #define STL_NAMESPACE std
| #define GOOGLE_NAMESPACE google
| #define _START_GOOGLE_NAMESPACE_ namespace google {
| #define _END_GOOGLE_NAMESPACE_ }
| #define HAVE_USING_OPERATOR 1
| #define HAVE_SYS_UCONTEXT_H 1
| /* end confdefs.h.  */
| #define _GNU_SOURCE 1
|                          #include <sys/ucontext.h>
| int
| main ()
| {
| ucontext_t u; return u.uc_mcontext->__ss.__eip == 0;
|   ;
|   return 0;
| }
configure:24924: g++ -c -g -O2  conftest.cpp >&5
conftest.cpp: In function 'int main()':
conftest.cpp:51: error: 'struct __darwin_mcontext64' has no member named 'ss'
configure:24930: $? = 1
configure: failed program was:
| /* confdefs.h.  */
| #define PACKAGE_NAME "glog"
| #define PACKAGE_TARNAME "glog"
| #define PACKAGE_VERSION "0.3.1"
| #define PACKAGE_STRING "glog 0.3.1"
| #define PACKAGE_BUGREPORT "opensource@google.com"
| #define PACKAGE "glog"
| #define VERSION "0.3.1"
| #define HAVE_SYS_TYPES_H 1
| #define HAVE_SYS_STAT_H 1
| #define HAVE_STDLIB_H 1
| #define HAVE_STRING_H 1
| #define HAVE_MEMORY_H 1
| #define HAVE_STRINGS_H 1
| #define HAVE_INTTYPES_H 1
| #define HAVE_STDINT_H 1
| #define HAVE_UNISTD_H 1
| #define HAVE_DLFCN_H 1
| #define HAVE_UNISTD_H 1
| #define HAVE_SYS_SYSCALL_H 1
| #define HAVE_EXECINFO_H 1
| #define HAVE_LIBUNWIND_H 1
| #define HAVE_SYS_UTSNAME_H 1
| #define HAVE_PWD_H 1
| #define HAVE_SYSLOG_H 1
| #define HAVE_SYS_TIME_H 1
| #define HAVE_GLOB_H 1
| #define SIZEOF_VOID_P 8
| #define HAVE_SIGALTSTACK 1
| #define HAVE_DLADDR 1
| #define HAVE_FCNTL 1
| #define HAVE___ATTRIBUTE__ 1
| #define HAVE___BUILTIN_EXPECT 1
| #define HAVE_PTHREAD 1
| #define HAVE_LIBPTHREAD 1
| #define HAVE_LIB_GFLAGS 1
| #define HAVE_RWLOCK 1
| #define HAVE_NAMESPACES 1
| #define STL_NAMESPACE std
| #define GOOGLE_NAMESPACE google
| #define _START_GOOGLE_NAMESPACE_ namespace google {
| #define _END_GOOGLE_NAMESPACE_ }
| #define HAVE_USING_OPERATOR 1
| #define HAVE_SYS_UCONTEXT_H 1
| /* end confdefs.h.  */
| #define _GNU_SOURCE 1
|                          #include <sys/ucontext.h>
| int
| main ()
| {
| ucontext_t u; return u.uc_mcontext->ss.rip == 0;
|   ;
|   return 0;
| }
configure:24924: g++ -c -g -O2  conftest.cpp >&5
configure:24930: $? = 0
configure:24940: result: uc_mcontext->__ss.__rip
configure:25248: creating ./config.status

## ---------------------- ##
## Running config.status. ##
## ---------------------- ##

This file was extended by glog config.status 0.3.1, which was
generated by GNU Autoconf 2.61.  Invocation command line was

  CONFIG_FILES    = 
  CONFIG_HEADERS  = 
  CONFIG_LINKS    = 
  CONFIG_COMMANDS = 
  $ ./config.status 

on Macintosh-69.local

config.status:706: creating Makefile
config.status:706: creating src/glog/logging.h
config.status:706: creating src/glog/raw_logging.h
config.status:706: creating src/glog/vlog_is_on.h
config.status:706: creating src/glog/stl_logging.h
config.status:706: creating libglog.pc
config.status:706: creating src/config.h
config.status:1007: executing depfiles commands

## ---------------- ##
## Cache variables. ##
## ---------------- ##

ac_cv___attribute__=yes
ac_cv___attribute___noreturn='__attribute__ ((noreturn))'
ac_cv___attribute___printf_4_5='__attribute__((__format__ (__printf__, 4, 5)))'
ac_cv___builtin_expect=yes
ac_cv___sync_val_compare_and_swap=no
ac_cv_build=i386-apple-darwin10.8.0
ac_cv_c_compiler_gnu=yes
ac_cv_cxx_compiler_gnu=yes
ac_cv_cxx_namespaces=yes
ac_cv_cxx_stl_namespace=std
ac_cv_cxx_using_operator=1
ac_cv_env_CCC_set=
ac_cv_env_CCC_value=
ac_cv_env_CC_set=
ac_cv_env_CC_value=
ac_cv_env_CFLAGS_set=
ac_cv_env_CFLAGS_value=
ac_cv_env_CPPFLAGS_set=
ac_cv_env_CPPFLAGS_value=
ac_cv_env_CPP_set=
ac_cv_env_CPP_value=
ac_cv_env_CXXCPP_set=
ac_cv_env_CXXCPP_value=
ac_cv_env_CXXFLAGS_set=
ac_cv_env_CXXFLAGS_value=
ac_cv_env_CXX_set=
ac_cv_env_CXX_value=
ac_cv_env_F77_set=
ac_cv_env_F77_value=
ac_cv_env_FFLAGS_set=
ac_cv_env_FFLAGS_value=
ac_cv_env_LDFLAGS_set=
ac_cv_env_LDFLAGS_value=
ac_cv_env_LIBS_set=
ac_cv_env_LIBS_value=
ac_cv_env_build_alias_set=
ac_cv_env_build_alias_value=
ac_cv_env_host_alias_set=
ac_cv_env_host_alias_value=
ac_cv_env_target_alias_set=
ac_cv_env_target_alias_value=
ac_cv_f77_compiler_gnu=yes
ac_cv_func_dladdr=yes
ac_cv_func_fcntl=yes
ac_cv_func_sigaltstack=yes
ac_cv_have___builtin_expect=1
ac_cv_have___uint16=0
ac_cv_have_inttypes_h=1
ac_cv_have_libgflags=1
ac_cv_have_libunwind_h=1
ac_cv_have_stdint_h=1
ac_cv_have_systypes_h=1
ac_cv_have_u_int16_t=1
ac_cv_have_uint16_t=1
ac_cv_have_unistd_h=1
ac_cv_header_dlfcn_h=yes
ac_cv_header_execinfo_h=yes
ac_cv_header_glob_h=yes
ac_cv_header_inttypes_h=yes
ac_cv_header_libunwind_h=yes
ac_cv_header_memory_h=yes
ac_cv_header_pwd_h=yes
ac_cv_header_stdc=no
ac_cv_header_stdint_h=yes
ac_cv_header_stdlib_h=yes
ac_cv_header_string_h=yes
ac_cv_header_strings_h=yes
ac_cv_header_sys_stat_h=yes
ac_cv_header_sys_syscall_h=yes
ac_cv_header_sys_time_h=yes
ac_cv_header_sys_types_h=yes
ac_cv_header_sys_ucontext_h=yes
ac_cv_header_sys_utsname_h=yes
ac_cv_header_syscall_h=no
ac_cv_header_syslog_h=yes
ac_cv_header_ucontext_h=no
ac_cv_header_unistd_h=yes
ac_cv_host=i386-apple-darwin10.8.0
ac_cv_lib_gflags_main=yes
ac_cv_lib_pthread_pthread_self=yes
ac_cv_lib_unwind_backtrace=no
ac_cv_objext=o
ac_cv_path_EGREP='/usr/bin/grep -E'
ac_cv_path_GREP=/usr/bin/grep
ac_cv_path_install='/usr/bin/install -c'
ac_cv_prog_AWK=awk
ac_cv_prog_CPP='gcc -E'
ac_cv_prog_CXXCPP='g++ -E'
ac_cv_prog_ac_ct_AR=ar
ac_cv_prog_ac_ct_CC=gcc
ac_cv_prog_ac_ct_CXX=g++
ac_cv_prog_ac_ct_DSYMUTIL=dsymutil
ac_cv_prog_ac_ct_F77=gfortran
ac_cv_prog_ac_ct_NMEDIT=nmedit
ac_cv_prog_ac_ct_RANLIB=ranlib
ac_cv_prog_ac_ct_STRIP=strip
ac_cv_prog_cc_c89=
ac_cv_prog_cc_g=yes
ac_cv_prog_cxx_g=yes
ac_cv_prog_f77_g=yes
ac_cv_prog_make_make_set=yes
ac_cv_sizeof_void_p=8
ac_cv_type___uint16=no
ac_cv_type_u_int16_t=yes
ac_cv_type_uint16_t=yes
ac_cv_type_void_p=yes
am_cv_CC_dependencies_compiler_type=gcc3
am_cv_CXX_dependencies_compiler_type=gcc3
lt_cv_apple_cc_single_mod=yes
lt_cv_deplibs_check_method=pass_all
lt_cv_file_magic_cmd='$MAGIC_CMD'
lt_cv_file_magic_test_file=
lt_cv_ld_exported_symbols_list=yes
lt_cv_ld_reload_flag=-r
lt_cv_objdir=.libs
lt_cv_path_LD=/usr/libexec/gcc/i686-apple-darwin10/4.2.1/ld
lt_cv_path_LDCXX=/usr/libexec/gcc/i686-apple-darwin10/4.2.1/ld
lt_cv_path_NM=/usr/bin/nm
lt_cv_path_SED=/usr/bin/sed
lt_cv_prog_compiler_c_o=yes
lt_cv_prog_compiler_c_o_CXX=yes
lt_cv_prog_compiler_c_o_F77=yes
lt_cv_prog_compiler_pic_works=yes
lt_cv_prog_compiler_pic_works_CXX=yes
lt_cv_prog_compiler_pic_works_F77=yes
lt_cv_prog_compiler_rtti_exceptions=no
lt_cv_prog_compiler_static_works=no
lt_cv_prog_compiler_static_works_CXX=no
lt_cv_prog_compiler_static_works_F77=no
lt_cv_prog_gnu_ld=no
lt_cv_prog_gnu_ldcxx=no
lt_cv_sys_global_symbol_pipe='sed -n -e '\''s/^.*[ 	]\([BCDEGRST][BCDEGRST]*\)[ 	][ 	]*_\([_A-Za-z][_A-Za-z0-9]*\)$/\1 _\2 \2/p'\'''
lt_cv_sys_global_symbol_to_c_name_address='sed -n -e '\''s/^: \([^ ]*\) $/  {\"\1\", (lt_ptr) 0},/p'\'' -e '\''s/^[BCDEGRST] \([^ ]*\) \([^ ]*\)$/  {"\2", (lt_ptr) \&\2},/p'\'''
lt_cv_sys_global_symbol_to_cdecl='sed -n -e '\''s/^. .* \(.*\)$/extern int \1;/p'\'''
lt_cv_sys_lib_dlsearch_path_spec='/usr/local/lib /lib /usr/lib'
lt_cv_sys_lib_search_path_spec='/usr/lib/gcc/i686-apple-darwin10/4.2.1/x86_64 /usr/lib/i686-apple-darwin10/4.2.1 /usr/lib /usr/local/lib'
lt_cv_sys_max_cmd_len=196608
lt_lt_cv_prog_compiler_c_o='"yes"'
lt_lt_cv_prog_compiler_c_o_CXX='"yes"'
lt_lt_cv_prog_compiler_c_o_F77='"yes"'
lt_lt_cv_sys_global_symbol_pipe='"sed -n -e '\''s/^.*[ 	]\\([BCDEGRST][BCDEGRST]*\\)[ 	][ 	]*_\\([_A-Za-z][_A-Za-z0-9]*\\)\$/\\1 _\\2 \\2/p'\''"'
lt_lt_cv_sys_global_symbol_to_c_name_address='"sed -n -e '\''s/^: \\([^ ]*\\) \$/  {\\\"\\1\\\", (lt_ptr) 0},/p'\'' -e '\''s/^[BCDEGRST] \\([^ ]*\\) \\([^ ]*\\)\$/  {\"\\2\", (lt_ptr) \\&\\2},/p'\''"'
lt_lt_cv_sys_global_symbol_to_cdecl='"sed -n -e '\''s/^. .* \\(.*\\)\$/extern int \\1;/p'\''"'

## ----------------- ##
## Output variables. ##
## ----------------- ##

ACLOCAL='${SHELL} /Users/karenliu/Research/dart/thirdparty/glog-0.3.1/missing --run aclocal-1.10'
AMDEPBACKSLASH='\'
AMDEP_FALSE='#'
AMDEP_TRUE=''
AMTAR='${SHELL} /Users/karenliu/Research/dart/thirdparty/glog-0.3.1/missing --run tar'
AR='ar'
AUTOCONF='${SHELL} /Users/karenliu/Research/dart/thirdparty/glog-0.3.1/missing --run autoconf'
AUTOHEADER='${SHELL} /Users/karenliu/Research/dart/thirdparty/glog-0.3.1/missing --run autoheader'
AUTOMAKE='${SHELL} /Users/karenliu/Research/dart/thirdparty/glog-0.3.1/missing --run automake-1.10'
AWK='awk'
CC='gcc'
CCDEPMODE='depmode=gcc3'
CFLAGS='-g -O2'
CPP='gcc -E'
CPPFLAGS=''
CXX='g++'
CXXCPP='g++ -E'
CXXDEPMODE='depmode=gcc3'
CXXFLAGS='-g -O2'
CYGPATH_W='echo'
DEFS='-DHAVE_CONFIG_H'
DEPDIR='.deps'
DSYMUTIL='dsymutil'
ECHO='/bin/echo'
ECHO_C='ECHO_N=''
ECHO_T=''
EGREP='/usr/bin/grep -E'
ENABLE_FRAME_POINTERS_FALSE=''
ENABLE_FRAME_POINTERS_TRUE='#'
EXEEXT=''
F77='gfortran'
FFLAGS='-g -O2'
GCC_FALSE='#'
GCC_TRUE=''
GFLAGS_CFLAGS=''
GFLAGS_LIBS='-lgflags'
GMOCK_CFLAGS=''
GMOCK_CONFIG=''
GMOCK_LIBS=''
GREP='/usr/bin/grep'
GTEST_CFLAGS=''
GTEST_CONFIG=''
GTEST_LIBS=''
HAVE_GMOCK_FALSE=''
HAVE_GMOCK_TRUE='#'
INSTALL_DATA='${INSTALL} -m 644'
INSTALL_PROGRAM='${INSTALL}'
INSTALL_SCRIPT='${INSTALL}'
INSTALL_STRIP_PROGRAM='$(install_sh) -c -s'
LDFLAGS=''
LIBOBJS=''
LIBS='-lpthread '
LIBTOOL='$(SHELL) $(top_builddir)/libtool'
LIBTOOL_DEPS='./ltmain.sh'
LN_S='ln -s'
LTLIBOBJS=''
MAKEINFO='${SHELL} /Users/karenliu/Research/dart/thirdparty/glog-0.3.1/missing --run makeinfo'
NMEDIT='nmedit'
OBJEXT='o'
PACKAGE='glog'
PACKAGE_BUGREPORT='opensource@google.com'
PACKAGE_NAME='glog'
PACKAGE_STRING='glog 0.3.1'
PACKAGE_TARNAME='glog'
PACKAGE_VERSION='0.3.1'
PATH_SEPARATOR=':'
PTHREAD_CC='gcc'
PTHREAD_CFLAGS='-D_THREAD_SAFE '
PTHREAD_LIBS=''
RANLIB='ranlib'
SED='/usr/bin/sed'
SET_MAKE=''
SHELL='/bin/sh'
STRIP='strip'
UNWIND_LIBS=''
VERSION='0.3.1'
X86_64_FALSE='#'
X86_64_TRUE=''
ac_ct_CC='gcc'
ac_ct_CXX='g++'
ac_ct_F77='gfortran'
ac_cv___attribute___noreturn='__attribute__ ((noreturn))'
ac_cv___attribute___printf_4_5='__attribute__((__format__ (__printf__, 4, 5)))'
ac_cv_cxx_using_operator='1'
ac_cv_have___builtin_expect='1'
ac_cv_have___uint16='0'
ac_cv_have_inttypes_h='1'
ac_cv_have_libgflags='1'
ac_cv_have_stdint_h='1'
ac_cv_have_systypes_h='1'
ac_cv_have_u_int16_t='1'
ac_cv_have_uint16_t='1'
ac_cv_have_unistd_h='1'
ac_google_end_namespace='}'
ac_google_namespace='google'
ac_google_start_namespace='namespace google {'
acx_pthread_config=''
am__fastdepCC_FALSE='#'
am__fastdepCC_TRUE=''
am__fastdepCXX_FALSE='#'
am__fastdepCXX_TRUE=''
am__include='include'
am__isrc=''
am__leading_dot='.'
am__quote=''
am__tar='${AMTAR} chof - "$$tardir"'
am__untar='${AMTAR} xf -'
bindir='${exec_prefix}/bin'
build='i386-apple-darwin10.8.0'
build_alias=''
build_cpu='i386'
build_os='darwin10.8.0'
build_vendor='apple'
datadir='${datarootdir}'
datarootdir='${prefix}/share'
docdir='${datarootdir}/doc/${PACKAGE_TARNAME}'
dvidir='${docdir}'
exec_prefix='${prefix}'
host='i386-apple-darwin10.8.0'
host_alias=''
host_cpu='i386'
host_os='darwin10.8.0'
host_vendor='apple'
htmldir='${docdir}'
includedir='${prefix}/include'
infodir='${datarootdir}/info'
install_sh='$(SHELL) /Users/karenliu/Research/dart/thirdparty/glog-0.3.1/install-sh'
libdir='${exec_prefix}/lib'
libexecdir='${exec_prefix}/libexec'
localedir='${datarootdir}/locale'
localstatedir='${prefix}/var'
mandir='${datarootdir}/man'
mkdir_p='$(top_builddir)/./install-sh -c -d'
oldincludedir='/usr/include'
pdfdir='${docdir}'
prefix='/usr/local'
program_transform_name='s,x,x,'
psdir='${docdir}'
sbindir='${exec_prefix}/sbin'
sharedstatedir='${prefix}/com'
sysconfdir='${prefix}/etc'
target_alias=''

## ----------- ##
## confdefs.h. ##
## ----------- ##

#define PACKAGE_NAME "glog"
#define PACKAGE_TARNAME "glog"
#define PACKAGE_VERSION "0.3.1"
#define PACKAGE_STRING "glog 0.3.1"
#define PACKAGE_BUGREPORT "opensource@google.com"
#define PACKAGE "glog"
#define VERSION "0.3.1"
#define HAVE_SYS_TYPES_H 1
#define HAVE_SYS_STAT_H 1
#define HAVE_STDLIB_H 1
#define HAVE_STRING_H 1
#define HAVE_MEMORY_H 1
#define HAVE_STRINGS_H 1
#define HAVE_INTTYPES_H 1
#define HAVE_STDINT_H 1
#define HAVE_UNISTD_H 1
#define HAVE_DLFCN_H 1
#define HAVE_UNISTD_H 1
#define HAVE_SYS_SYSCALL_H 1
#define HAVE_EXECINFO_H 1
#define HAVE_LIBUNWIND_H 1
#define HAVE_SYS_UTSNAME_H 1
#define HAVE_PWD_H 1
#define HAVE_SYSLOG_H 1
#define HAVE_SYS_TIME_H 1
#define HAVE_GLOB_H 1
#define SIZEOF_VOID_P 8
#define HAVE_SIGALTSTACK 1
#define HAVE_DLADDR 1
#define HAVE_FCNTL 1
#define HAVE___ATTRIBUTE__ 1
#define HAVE___BUILTIN_EXPECT 1
#define HAVE_PTHREAD 1
#define HAVE_LIBPTHREAD 1
#define HAVE_LIB_GFLAGS 1
#define HAVE_RWLOCK 1
#define HAVE_NAMESPACES 1
#define STL_NAMESPACE std
#define GOOGLE_NAMESPACE google
#define _START_GOOGLE_NAMESPACE_ namespace google {
#define _END_GOOGLE_NAMESPACE_ }
#define HAVE_USING_OPERATOR 1
#define HAVE_SYS_UCONTEXT_H 1
#define PC_FROM_UCONTEXT uc_mcontext->__ss.__rip
#define TEST_SRC_DIR "."

configure: exit 0
